# JRE version: Java(TM) SE Runtime Environment (21.0.4+8) (build 21.0.4+8-LTS-274)
# Java VM: Java HotSpot(TM) 64-Bit Server VM (21.0.4+8-LTS-274, mixed mode, emulated-client, sharing, tiered, compressed oops, compressed class ptrs, g1 gc, windows-amd64)
GC Precious Log:
 CardTable entry size: 512
 Card Set container configuration: InlinePtr #cards 5 size 8 Array Of Cards #cards 12 size 40 Howl #buckets 4 coarsen threshold 1843 Howl Bitmap #cards 512 size 80 coarsen threshold 460 Card regions per heap region 1 cards per card region 2048
 CPUs: 12 total, 12 available
 Memory: 7900M
 Large Page Support: Disabled
 NUMA Support: Disabled
 Compressed Oops: Enabled (32-bit)
 Heap Region Size: 1M
 Heap Min Capacity: 8M
 Heap Initial Capacity: 124M
 Heap Max Capacity: 1976M
 Pre-touch: Disabled
 Parallel Workers: 10
 Concurrent Workers: 3
 Concurrent Refinement Workers: 10
 Periodic GC: Disabled
Heap:
 garbage-first heap   total 79872K, used 58988K [0x0000000084800000, 0x0000000100000000)
  region size 1024K, 28 young (28672K), 4 survivors (4096K)
 Metaspace       used 68549K, committed 69376K, reserved 1114112K
  class space    used 10063K, committed 10432K, reserved 1048576K
GC Heap History (20 events):
Event: 3.454 GC heap after
{Heap after GC invocations=7 (full 0):
 garbage-first heap   total 55296K, used 20351K [0x0000000084800000, 0x0000000100000000)
  region size 1024K, 3 young (3072K), 3 survivors (3072K)
 Metaspace       used 31631K, committed 32256K, reserved 1114112K
  class space    used 4382K, committed 4672K, reserved 1048576K
}
Event: 3.761 GC heap before
{Heap before GC invocations=7 (full 0):
 garbage-first heap   total 55296K, used 37759K [0x0000000084800000, 0x0000000100000000)
  region size 1024K, 22 young (22528K), 3 survivors (3072K)
 Metaspace       used 35360K, committed 35968K, reserved 1114112K
  class space    used 4922K, committed 5184K, reserved 1048576K
}
Event: 3.766 GC heap after
{Heap after GC invocations=8 (full 0):
 garbage-first heap   total 66560K, used 21615K [0x0000000084800000, 0x0000000100000000)
  region size 1024K, 2 young (2048K), 2 survivors (2048K)
 Metaspace       used 35360K, committed 35968K, reserved 1114112K
  class space    used 4922K, committed 5184K, reserved 1048576K
}
Event: 4.435 GC heap before
{Heap before GC invocations=9 (full 0):
 garbage-first heap   total 66560K, used 54383K [0x0000000084800000, 0x0000000100000000)
  region size 1024K, 35 young (35840K), 2 survivors (2048K)
 Metaspace       used 43539K, committed 44160K, reserved 1114112K
  class space    used 6072K, committed 6336K, reserved 1048576K
}
Event: 4.439 GC heap after
{Heap after GC invocations=10 (full 0):
 garbage-first heap   total 66560K, used 24789K [0x0000000084800000, 0x0000000100000000)
  region size 1024K, 5 young (5120K), 5 survivors (5120K)
 Metaspace       used 43539K, committed 44160K, reserved 1114112K
  class space    used 6072K, committed 6336K, reserved 1048576K
}
Event: 4.976 GC heap before
{Heap before GC invocations=10 (full 0):
 garbage-first heap   total 66560K, used 55509K [0x0000000084800000, 0x0000000100000000)
  region size 1024K, 35 young (35840K), 5 survivors (5120K)
 Metaspace       used 51680K, committed 52288K, reserved 1114112K
  class space    used 7353K, committed 7616K, reserved 1048576K
}
Event: 4.983 GC heap after
{Heap after GC invocations=11 (full 0):
 garbage-first heap   total 66560K, used 26304K [0x0000000084800000, 0x0000000100000000)
  region size 1024K, 2 young (2048K), 2 survivors (2048K)
 Metaspace       used 51680K, committed 52288K, reserved 1114112K
  class space    used 7353K, committed 7616K, reserved 1048576K
}
Event: 5.545 GC heap before
{Heap before GC invocations=11 (full 0):
 garbage-first heap   total 66560K, used 58048K [0x0000000084800000, 0x0000000100000000)
  region size 1024K, 33 young (33792K), 2 survivors (2048K)
 Metaspace       used 56380K, committed 57088K, reserved 1114112K
  class space    used 8028K, committed 8320K, reserved 1048576K
}
Event: 5.549 GC heap after
{Heap after GC invocations=12 (full 0):
 garbage-first heap   total 66560K, used 27491K [0x0000000084800000, 0x0000000100000000)
  region size 1024K, 3 young (3072K), 3 survivors (3072K)
 Metaspace       used 56380K, committed 57088K, reserved 1114112K
  class space    used 8028K, committed 8320K, reserved 1048576K
}
Event: 5.816 GC heap before
{Heap before GC invocations=12 (full 0):
 garbage-first heap   total 66560K, used 50019K [0x0000000084800000, 0x0000000100000000)
  region size 1024K, 26 young (26624K), 3 survivors (3072K)
 Metaspace       used 59448K, committed 60096K, reserved 1114112K
  class space    used 8470K, committed 8768K, reserved 1048576K
}
Event: 5.820 GC heap after
{Heap after GC invocations=13 (full 0):
 garbage-first heap   total 66560K, used 28894K [0x0000000084800000, 0x0000000100000000)
  region size 1024K, 3 young (3072K), 3 survivors (3072K)
 Metaspace       used 59448K, committed 60096K, reserved 1114112K
  class space    used 8470K, committed 8768K, reserved 1048576K
}
Event: 6.006 GC heap before
{Heap before GC invocations=14 (full 0):
 garbage-first heap   total 66560K, used 58590K [0x0000000084800000, 0x0000000100000000)
  region size 1024K, 32 young (32768K), 3 survivors (3072K)
 Metaspace       used 59937K, committed 60800K, reserved 1114112K
  class space    used 8575K, committed 8960K, reserved 1048576K
}
Event: 6.009 GC heap after
{Heap after GC invocations=15 (full 0):
 garbage-first heap   total 66560K, used 30038K [0x0000000084800000, 0x0000000100000000)
  region size 1024K, 3 young (3072K), 3 survivors (3072K)
 Metaspace       used 59937K, committed 60800K, reserved 1114112K
  class space    used 8575K, committed 8960K, reserved 1048576K
}
Event: 6.417 GC heap before
{Heap before GC invocations=15 (full 0):
 garbage-first heap   total 66560K, used 58710K [0x0000000084800000, 0x0000000100000000)
  region size 1024K, 31 young (31744K), 3 survivors (3072K)
 Metaspace       used 62823K, committed 63616K, reserved 1114112K
  class space    used 9219K, committed 9600K, reserved 1048576K
}
Event: 6.423 GC heap after
{Heap after GC invocations=16 (full 0):
 garbage-first heap   total 79872K, used 32106K [0x0000000084800000, 0x0000000100000000)
  region size 1024K, 4 young (4096K), 4 survivors (4096K)
 Metaspace       used 62823K, committed 63616K, reserved 1114112K
  class space    used 9219K, committed 9600K, reserved 1048576K
}
Event: 6.599 GC heap before
{Heap before GC invocations=16 (full 0):
 garbage-first heap   total 79872K, used 69994K [0x0000000084800000, 0x0000000100000000)
  region size 1024K, 41 young (41984K), 4 survivors (4096K)
 Metaspace       used 64196K, committed 64960K, reserved 1114112K
  class space    used 9391K, committed 9728K, reserved 1048576K
}
Event: 6.604 GC heap after
{Heap after GC invocations=17 (full 0):
 garbage-first heap   total 79872K, used 33205K [0x0000000084800000, 0x0000000100000000)
  region size 1024K, 4 young (4096K), 4 survivors (4096K)
 Metaspace       used 64196K, committed 64960K, reserved 1114112K
  class space    used 9391K, committed 9728K, reserved 1048576K
}
Event: 6.922 GC heap before
{Heap before GC invocations=17 (full 0):
 garbage-first heap   total 79872K, used 70069K [0x0000000084800000, 0x0000000100000000)
  region size 1024K, 40 young (40960K), 4 survivors (4096K)
 Metaspace       used 66262K, committed 67136K, reserved 1114112K
  class space    used 9693K, committed 10112K, reserved 1048576K
}
Event: 6.927 GC heap after
{Heap after GC invocations=18 (full 0):
 garbage-first heap   total 79872K, used 35436K [0x0000000084800000, 0x0000000100000000)
  region size 1024K, 4 young (4096K), 4 survivors (4096K)
 Metaspace       used 66262K, committed 67136K, reserved 1114112K
  class space    used 9693K, committed 10112K, reserved 1048576K
}
Event: 50.902 GC heap before
{Heap before GC invocations=18 (full 0):
 garbage-first heap   total 79872K, used 58988K [0x0000000084800000, 0x0000000100000000)
  region size 1024K, 28 young (28672K), 4 survivors (4096K)
 Metaspace       used 68549K, committed 69376K, reserved 1114112K
  class space    used 10063K, committed 10432K, reserved 1048576K
}

