# JRE version: Java(TM) SE Runtime Environment (21.0.4+8) (build 21.0.4+8-LTS-274)
# Java VM: Java HotSpot(TM) 64-Bit Server VM (21.0.4+8-LTS-274, mixed mode, sharing, tiered, compressed oops, compressed class ptrs, g1 gc, windows-amd64)
GC Precious Log:
 CardTable entry size: 512
 Card Set container configuration: InlinePtr #cards 5 size 8 Array Of Cards #cards 12 size 40 Howl #buckets 4 coarsen threshold 1843 Howl Bitmap #cards 512 size 80 coarsen threshold 460 Card regions per heap region 1 cards per card region 2048
 CPUs: 12 total, 12 available
 Memory: 7900M
 Large Page Support: Disabled
 NUMA Support: Disabled
 Compressed Oops: Enabled (32-bit)
 Heap Region Size: 1M
 Heap Min Capacity: 8M
 Heap Initial Capacity: 124M
 Heap Max Capacity: 1976M
 Pre-touch: Disabled
 Parallel Workers: 10
 Concurrent Workers: 3
 Concurrent Refinement Workers: 10
 Periodic GC: Disabled
Heap:
 garbage-first heap   total 116736K, used 88841K [0x0000000084800000, 0x0000000100000000)
  region size 1024K, 44 young (45056K), 6 survivors (6144K)
 Metaspace       used 87081K, committed 88128K, reserved 1179648K
  class space    used 11497K, committed 11968K, reserved 1048576K
GC Heap History (20 events):
Event: 277.263 GC heap after
{Heap after GC invocations=42 (full 1):
 garbage-first heap   total 86016K, used 51762K [0x0000000084800000, 0x0000000100000000)
  region size 1024K, 4 young (4096K), 4 survivors (4096K)
 Metaspace       used 84364K, committed 85376K, reserved 1179648K
  class space    used 11363K, committed 11840K, reserved 1048576K
}
Event: 277.850 GC heap before
{Heap before GC invocations=42 (full 1):
 garbage-first heap   total 86016K, used 75314K [0x0000000084800000, 0x0000000100000000)
  region size 1024K, 27 young (27648K), 4 survivors (4096K)
 Metaspace       used 84570K, committed 85568K, reserved 1179648K
  class space    used 11374K, committed 11840K, reserved 1048576K
}
Event: 277.856 GC heap after
{Heap after GC invocations=43 (full 1):
 garbage-first heap   total 86016K, used 53896K [0x0000000084800000, 0x0000000100000000)
  region size 1024K, 4 young (4096K), 4 survivors (4096K)
 Metaspace       used 84570K, committed 85568K, reserved 1179648K
  class space    used 11374K, committed 11840K, reserved 1048576K
}
Event: 282.223 GC heap before
{Heap before GC invocations=44 (full 1):
 garbage-first heap   total 97280K, used 74376K [0x0000000084800000, 0x0000000100000000)
  region size 1024K, 24 young (24576K), 4 survivors (4096K)
 Metaspace       used 84880K, committed 85888K, reserved 1179648K
  class space    used 11385K, committed 11840K, reserved 1048576K
}
Event: 282.228 GC heap after
{Heap after GC invocations=45 (full 1):
 garbage-first heap   total 97280K, used 54979K [0x0000000084800000, 0x0000000100000000)
  region size 1024K, 2 young (2048K), 2 survivors (2048K)
 Metaspace       used 84880K, committed 85888K, reserved 1179648K
  class space    used 11385K, committed 11840K, reserved 1048576K
}
Event: 282.489 GC heap before
{Heap before GC invocations=45 (full 1):
 garbage-first heap   total 97280K, used 87747K [0x0000000084800000, 0x0000000100000000)
  region size 1024K, 34 young (34816K), 2 survivors (2048K)
 Metaspace       used 85124K, committed 86080K, reserved 1179648K
  class space    used 11394K, committed 11840K, reserved 1048576K
}
Event: 282.496 GC heap after
{Heap after GC invocations=46 (full 1):
 garbage-first heap   total 97280K, used 55799K [0x0000000084800000, 0x0000000100000000)
  region size 1024K, 3 young (3072K), 3 survivors (3072K)
 Metaspace       used 85124K, committed 86080K, reserved 1179648K
  class space    used 11394K, committed 11840K, reserved 1048576K
}
Event: 282.734 GC heap before
{Heap before GC invocations=46 (full 1):
 garbage-first heap   total 97280K, used 86519K [0x0000000084800000, 0x0000000100000000)
  region size 1024K, 33 young (33792K), 3 survivors (3072K)
 Metaspace       used 85319K, committed 86336K, reserved 1179648K
  class space    used 11406K, committed 11904K, reserved 1048576K
}
Event: 282.739 GC heap after
{Heap after GC invocations=47 (full 1):
 garbage-first heap   total 116736K, used 56576K [0x0000000084800000, 0x0000000100000000)
  region size 1024K, 4 young (4096K), 4 survivors (4096K)
 Metaspace       used 85319K, committed 86336K, reserved 1179648K
  class space    used 11406K, committed 11904K, reserved 1048576K
}
Event: 372.592 GC heap before
{Heap before GC invocations=48 (full 1):
 garbage-first heap   total 116736K, used 103680K [0x0000000084800000, 0x0000000100000000)
  region size 1024K, 50 young (51200K), 4 survivors (4096K)
 Metaspace       used 85526K, committed 86592K, reserved 1179648K
  class space    used 11414K, committed 11904K, reserved 1048576K
}
Event: 372.641 GC heap after
{Heap after GC invocations=49 (full 1):
 garbage-first heap   total 116736K, used 58271K [0x0000000084800000, 0x0000000100000000)
  region size 1024K, 5 young (5120K), 5 survivors (5120K)
 Metaspace       used 85526K, committed 86592K, reserved 1179648K
  class space    used 11414K, committed 11904K, reserved 1048576K
}
Event: 374.540 GC heap before
{Heap before GC invocations=49 (full 1):
 garbage-first heap   total 116736K, used 59295K [0x0000000084800000, 0x0000000100000000)
  region size 1024K, 7 young (7168K), 5 survivors (5120K)
 Metaspace       used 85541K, committed 86592K, reserved 1179648K
  class space    used 11414K, committed 11904K, reserved 1048576K
}
Event: 375.643 GC heap after
{Heap after GC invocations=50 (full 2):
 garbage-first heap   total 116736K, used 40819K [0x0000000084800000, 0x0000000100000000)
  region size 1024K, 0 young (0K), 0 survivors (0K)
 Metaspace       used 85529K, committed 86592K, reserved 1179648K
  class space    used 11412K, committed 11904K, reserved 1048576K
}
Event: 380.178 GC heap before
{Heap before GC invocations=50 (full 2):
 garbage-first heap   total 116736K, used 98163K [0x0000000084800000, 0x0000000100000000)
  region size 1024K, 56 young (57344K), 0 survivors (0K)
 Metaspace       used 85971K, committed 86976K, reserved 1179648K
  class space    used 11448K, committed 11904K, reserved 1048576K
}
Event: 380.191 GC heap after
{Heap after GC invocations=51 (full 2):
 garbage-first heap   total 116736K, used 46078K [0x0000000084800000, 0x0000000100000000)
  region size 1024K, 6 young (6144K), 6 survivors (6144K)
 Metaspace       used 85971K, committed 86976K, reserved 1179648K
  class space    used 11448K, committed 11904K, reserved 1048576K
}
Event: 386.920 GC heap before
{Heap before GC invocations=51 (full 2):
 garbage-first heap   total 116736K, used 100350K [0x0000000084800000, 0x0000000100000000)
  region size 1024K, 59 young (60416K), 6 survivors (6144K)
 Metaspace       used 86566K, committed 87616K, reserved 1179648K
  class space    used 11473K, committed 11968K, reserved 1048576K
}
Event: 386.934 GC heap after
{Heap after GC invocations=52 (full 2):
 garbage-first heap   total 116736K, used 49272K [0x0000000084800000, 0x0000000100000000)
  region size 1024K, 4 young (4096K), 4 survivors (4096K)
 Metaspace       used 86566K, committed 87616K, reserved 1179648K
  class space    used 11473K, committed 11968K, reserved 1048576K
}
Event: 387.581 GC heap before
{Heap before GC invocations=52 (full 2):
 garbage-first heap   total 116736K, used 101496K [0x0000000084800000, 0x0000000100000000)
  region size 1024K, 55 young (56320K), 4 survivors (4096K)
 Metaspace       used 86948K, committed 88000K, reserved 1179648K
  class space    used 11490K, committed 11968K, reserved 1048576K
}
Event: 387.589 GC heap after
{Heap after GC invocations=53 (full 2):
 garbage-first heap   total 116736K, used 50953K [0x0000000084800000, 0x0000000100000000)
  region size 1024K, 6 young (6144K), 6 survivors (6144K)
 Metaspace       used 86948K, committed 88000K, reserved 1179648K
  class space    used 11490K, committed 11968K, reserved 1048576K
}
Event: 454.685 GC heap before
{Heap before GC invocations=54 (full 2):
 garbage-first heap   total 116736K, used 88841K [0x0000000084800000, 0x0000000100000000)
  region size 1024K, 44 young (45056K), 6 survivors (6144K)
 Metaspace       used 87081K, committed 88128K, reserved 1179648K
  class space    used 11497K, committed 11968K, reserved 1048576K
}

