# JRE version: Java(TM) SE Runtime Environment (21.0.4+8) (build 21.0.4+8-LTS-274)
# Java VM: Java HotSpot(TM) 64-Bit Server VM (21.0.4+8-LTS-274, mixed mode, emulated-client, sharing, tiered, compressed oops, compressed class ptrs, g1 gc, windows-amd64)
GC Precious Log:
 CardTable entry size: 512
 Card Set container configuration: InlinePtr #cards 5 size 8 Array Of Cards #cards 12 size 40 Howl #buckets 4 coarsen threshold 1843 Howl Bitmap #cards 512 size 80 coarsen threshold 460 Card regions per heap region 1 cards per card region 2048
 CPUs: 12 total, 12 available
 Memory: 7900M
 Large Page Support: Disabled
 NUMA Support: Disabled
 Compressed Oops: Enabled (32-bit)
 Heap Region Size: 1M
 Heap Min Capacity: 8M
 Heap Initial Capacity: 124M
 Heap Max Capacity: 1976M
 Pre-touch: Disabled
 Parallel Workers: 10
 Concurrent Workers: 3
 Concurrent Refinement Workers: 10
 Periodic GC: Disabled
Heap:
 garbage-first heap   total 103424K, used 43896K [0x0000000084800000, 0x0000000100000000)
  region size 1024K, 7 young (7168K), 7 survivors (7168K)
 Metaspace       used 81210K, committed 82048K, reserved 1179648K
  class space    used 11981K, committed 12352K, reserved 1048576K
GC Heap History (20 events):
Event: 176.250 GC heap after
{Heap after GC invocations=24 (full 0):
 garbage-first heap   total 103424K, used 46666K [0x0000000084800000, 0x0000000100000000)
  region size 1024K, 2 young (2048K), 2 survivors (2048K)
 Metaspace       used 79192K, committed 80192K, reserved 1179648K
  class space    used 11766K, committed 12224K, reserved 1048576K
}
Event: 505.198 GC heap before
{Heap before GC invocations=25 (full 0):
 garbage-first heap   total 103424K, used 94794K [0x0000000084800000, 0x0000000100000000)
  region size 1024K, 49 young (50176K), 2 survivors (2048K)
 Metaspace       used 79212K, committed 80320K, reserved 1179648K
  class space    used 11736K, committed 12224K, reserved 1048576K
}
Event: 505.239 GC heap after
{Heap after GC invocations=26 (full 0):
 garbage-first heap   total 103424K, used 46735K [0x0000000084800000, 0x0000000100000000)
  region size 1024K, 2 young (2048K), 2 survivors (2048K)
 Metaspace       used 79212K, committed 80320K, reserved 1179648K
  class space    used 11736K, committed 12224K, reserved 1048576K
}
Event: 830.421 GC heap before
{Heap before GC invocations=26 (full 0):
 garbage-first heap   total 103424K, used 93839K [0x0000000084800000, 0x0000000100000000)
  region size 1024K, 49 young (50176K), 2 survivors (2048K)
 Metaspace       used 79214K, committed 80320K, reserved 1179648K
  class space    used 11737K, committed 12224K, reserved 1048576K
}
Event: 830.490 GC heap after
{Heap after GC invocations=27 (full 0):
 garbage-first heap   total 103424K, used 44532K [0x0000000084800000, 0x0000000100000000)
  region size 1024K, 2 young (2048K), 2 survivors (2048K)
 Metaspace       used 79214K, committed 80320K, reserved 1179648K
  class space    used 11737K, committed 12224K, reserved 1048576K
}
Event: 1216.949 GC heap before
{Heap before GC invocations=27 (full 0):
 garbage-first heap   total 103424K, used 93684K [0x0000000084800000, 0x0000000100000000)
  region size 1024K, 51 young (52224K), 2 survivors (2048K)
 Metaspace       used 79340K, committed 80384K, reserved 1179648K
  class space    used 11762K, committed 12224K, reserved 1048576K
}
Event: 1217.022 GC heap after
{Heap after GC invocations=28 (full 0):
 garbage-first heap   total 103424K, used 44806K [0x0000000084800000, 0x0000000100000000)
  region size 1024K, 2 young (2048K), 2 survivors (2048K)
 Metaspace       used 79340K, committed 80384K, reserved 1179648K
  class space    used 11762K, committed 12224K, reserved 1048576K
}
Event: 1617.424 GC heap before
{Heap before GC invocations=29 (full 0):
 garbage-first heap   total 103424K, used 93958K [0x0000000084800000, 0x0000000100000000)
  region size 1024K, 51 young (52224K), 2 survivors (2048K)
 Metaspace       used 79339K, committed 80448K, reserved 1179648K
  class space    used 11743K, committed 12224K, reserved 1048576K
}
Event: 1617.529 GC heap after
{Heap after GC invocations=30 (full 0):
 garbage-first heap   total 103424K, used 45104K [0x0000000084800000, 0x0000000100000000)
  region size 1024K, 3 young (3072K), 3 survivors (3072K)
 Metaspace       used 79339K, committed 80448K, reserved 1179648K
  class space    used 11743K, committed 12224K, reserved 1048576K
}
Event: 2124.066 GC heap before
{Heap before GC invocations=30 (full 0):
 garbage-first heap   total 103424K, used 93232K [0x0000000084800000, 0x0000000100000000)
  region size 1024K, 50 young (51200K), 3 survivors (3072K)
 Metaspace       used 79397K, committed 80448K, reserved 1179648K
  class space    used 11754K, committed 12224K, reserved 1048576K
}
Event: 2124.237 GC heap after
{Heap after GC invocations=31 (full 0):
 garbage-first heap   total 103424K, used 43459K [0x0000000084800000, 0x0000000100000000)
  region size 1024K, 3 young (3072K), 3 survivors (3072K)
 Metaspace       used 79397K, committed 80448K, reserved 1179648K
  class space    used 11754K, committed 12224K, reserved 1048576K
}
Event: 2176.760 GC heap before
{Heap before GC invocations=31 (full 0):
 garbage-first heap   total 103424K, used 50627K [0x0000000084800000, 0x0000000100000000)
  region size 1024K, 11 young (11264K), 3 survivors (3072K)
 Metaspace       used 79614K, committed 80576K, reserved 1179648K
  class space    used 11804K, committed 12224K, reserved 1048576K
}
Event: 2177.438 GC heap after
{Heap after GC invocations=32 (full 1):
 garbage-first heap   total 103424K, used 32862K [0x0000000084800000, 0x0000000100000000)
  region size 1024K, 0 young (0K), 0 survivors (0K)
 Metaspace       used 79527K, committed 80576K, reserved 1179648K
  class space    used 11781K, committed 12224K, reserved 1048576K
}
Event: 2180.109 GC heap before
{Heap before GC invocations=32 (full 1):
 garbage-first heap   total 103424K, used 92254K [0x0000000084800000, 0x0000000100000000)
  region size 1024K, 59 young (60416K), 0 survivors (0K)
 Metaspace       used 80053K, committed 80896K, reserved 1179648K
  class space    used 11852K, committed 12224K, reserved 1048576K
}
Event: 2180.127 GC heap after
{Heap after GC invocations=33 (full 1):
 garbage-first heap   total 103424K, used 39128K [0x0000000084800000, 0x0000000100000000)
  region size 1024K, 7 young (7168K), 7 survivors (7168K)
 Metaspace       used 80053K, committed 80896K, reserved 1179648K
  class space    used 11852K, committed 12224K, reserved 1048576K
}
Event: 2186.132 GC heap before
{Heap before GC invocations=34 (full 1):
 garbage-first heap   total 103424K, used 86232K [0x0000000084800000, 0x0000000100000000)
  region size 1024K, 53 young (54272K), 7 survivors (7168K)
 Metaspace       used 80501K, committed 81344K, reserved 1179648K
  class space    used 11916K, committed 12288K, reserved 1048576K
}
Event: 2186.143 GC heap after
{Heap after GC invocations=35 (full 1):
 garbage-first heap   total 103424K, used 38073K [0x0000000084800000, 0x0000000100000000)
  region size 1024K, 3 young (3072K), 3 survivors (3072K)
 Metaspace       used 80501K, committed 81344K, reserved 1179648K
  class space    used 11916K, committed 12288K, reserved 1048576K
}
Event: 2187.194 GC heap before
{Heap before GC invocations=35 (full 1):
 garbage-first heap   total 103424K, used 89273K [0x0000000084800000, 0x0000000100000000)
  region size 1024K, 54 young (55296K), 3 survivors (3072K)
 Metaspace       used 80924K, committed 81792K, reserved 1179648K
  class space    used 11956K, committed 12352K, reserved 1048576K
}
Event: 2187.222 GC heap after
{Heap after GC invocations=36 (full 1):
 garbage-first heap   total 103424K, used 41357K [0x0000000084800000, 0x0000000100000000)
  region size 1024K, 6 young (6144K), 6 survivors (6144K)
 Metaspace       used 80924K, committed 81792K, reserved 1179648K
  class space    used 11956K, committed 12352K, reserved 1048576K
}
Event: 2188.192 GC heap before
{Heap before GC invocations=36 (full 1):
 garbage-first heap   total 103424K, used 88461K [0x0000000084800000, 0x0000000100000000)
  region size 1024K, 52 young (53248K), 6 survivors (6144K)
 Metaspace       used 81210K, committed 82048K, reserved 1179648K
  class space    used 11981K, committed 12352K, reserved 1048576K
}

