# JRE version: Java(TM) SE Runtime Environment (21.0.4+8) (build 21.0.4+8-LTS-274)
# Java VM: Java HotSpot(TM) 64-Bit Server VM (21.0.4+8-LTS-274, mixed mode, emulated-client, sharing, tiered, compressed oops, compressed class ptrs, g1 gc, windows-amd64)
GC Precious Log:
 CardTable entry size: 512
 Card Set container configuration: InlinePtr #cards 5 size 8 Array Of Cards #cards 12 size 40 Howl #buckets 4 coarsen threshold 1843 Howl Bitmap #cards 512 size 80 coarsen threshold 460 Card regions per heap region 1 cards per card region 2048
 CPUs: 12 total, 12 available
 Memory: 7900M
 Large Page Support: Disabled
 NUMA Support: Disabled
 Compressed Oops: Enabled (32-bit)
 Heap Region Size: 1M
 Heap Min Capacity: 8M
 Heap Initial Capacity: 124M
 Heap Max Capacity: 1976M
 Pre-touch: Disabled
 Parallel Workers: 10
 Concurrent Workers: 3
 Concurrent Refinement Workers: 10
 Periodic GC: Disabled
Heap:
 garbage-first heap   total 96256K, used 53723K [0x0000000084800000, 0x0000000100000000)
  region size 1024K, 17 young (17408K), 4 survivors (4096K)
 Metaspace       used 79472K, committed 80320K, reserved 1179648K
  class space    used 11755K, committed 12160K, reserved 1048576K
GC Heap History (20 events):
Event: 1151.313 GC heap after
{Heap after GC invocations=31 (full 0):
 garbage-first heap   total 96256K, used 43424K [0x0000000084800000, 0x0000000100000000)
  region size 1024K, 3 young (3072K), 3 survivors (3072K)
 Metaspace       used 79073K, committed 79872K, reserved 1179648K
  class space    used 11668K, committed 12032K, reserved 1048576K
}
Event: 1295.923 GC heap before
{Heap before GC invocations=32 (full 0):
 garbage-first heap   total 96256K, used 85408K [0x0000000084800000, 0x0000000100000000)
  region size 1024K, 45 young (46080K), 3 survivors (3072K)
 Metaspace       used 79085K, committed 79872K, reserved 1179648K
  class space    used 11670K, committed 12032K, reserved 1048576K
}
Event: 1295.934 GC heap after
{Heap after GC invocations=33 (full 0):
 garbage-first heap   total 96256K, used 43494K [0x0000000084800000, 0x0000000100000000)
  region size 1024K, 3 young (3072K), 3 survivors (3072K)
 Metaspace       used 79085K, committed 79872K, reserved 1179648K
  class space    used 11670K, committed 12032K, reserved 1048576K
}
Event: 1416.553 GC heap before
{Heap before GC invocations=33 (full 0):
 garbage-first heap   total 96256K, used 85478K [0x0000000084800000, 0x0000000100000000)
  region size 1024K, 45 young (46080K), 3 survivors (3072K)
 Metaspace       used 79110K, committed 79936K, reserved 1179648K
  class space    used 11676K, committed 12032K, reserved 1048576K
}
Event: 1416.588 GC heap after
{Heap after GC invocations=34 (full 0):
 garbage-first heap   total 96256K, used 42716K [0x0000000084800000, 0x0000000100000000)
  region size 1024K, 3 young (3072K), 3 survivors (3072K)
 Metaspace       used 79110K, committed 79936K, reserved 1179648K
  class space    used 11676K, committed 12032K, reserved 1048576K
}
Event: 1524.668 GC heap before
{Heap before GC invocations=34 (full 0):
 garbage-first heap   total 96256K, used 85724K [0x0000000084800000, 0x0000000100000000)
  region size 1024K, 45 young (46080K), 3 survivors (3072K)
 Metaspace       used 79177K, committed 80064K, reserved 1179648K
  class space    used 11693K, committed 12096K, reserved 1048576K
}
Event: 1524.691 GC heap after
{Heap after GC invocations=35 (full 0):
 garbage-first heap   total 96256K, used 42320K [0x0000000084800000, 0x0000000100000000)
  region size 1024K, 3 young (3072K), 3 survivors (3072K)
 Metaspace       used 79177K, committed 80064K, reserved 1179648K
  class space    used 11693K, committed 12096K, reserved 1048576K
}
Event: 1841.497 GC heap before
{Heap before GC invocations=36 (full 0):
 garbage-first heap   total 96256K, used 84304K [0x0000000084800000, 0x0000000100000000)
  region size 1024K, 45 young (46080K), 3 survivors (3072K)
 Metaspace       used 79237K, committed 80064K, reserved 1179648K
  class space    used 11704K, committed 12096K, reserved 1048576K
}
Event: 1841.569 GC heap after
{Heap after GC invocations=37 (full 0):
 garbage-first heap   total 96256K, used 42915K [0x0000000084800000, 0x0000000100000000)
  region size 1024K, 3 young (3072K), 3 survivors (3072K)
 Metaspace       used 79237K, committed 80064K, reserved 1179648K
  class space    used 11704K, committed 12096K, reserved 1048576K
}
Event: 1961.706 GC heap before
{Heap before GC invocations=37 (full 0):
 garbage-first heap   total 96256K, used 84899K [0x0000000084800000, 0x0000000100000000)
  region size 1024K, 45 young (46080K), 3 survivors (3072K)
 Metaspace       used 79237K, committed 80064K, reserved 1179648K
  class space    used 11704K, committed 12096K, reserved 1048576K
}
Event: 1961.773 GC heap after
{Heap after GC invocations=38 (full 0):
 garbage-first heap   total 96256K, used 42387K [0x0000000084800000, 0x0000000100000000)
  region size 1024K, 4 young (4096K), 4 survivors (4096K)
 Metaspace       used 79237K, committed 80064K, reserved 1179648K
  class space    used 11704K, committed 12096K, reserved 1048576K
}
Event: 2346.431 GC heap before
{Heap before GC invocations=38 (full 0):
 garbage-first heap   total 96256K, used 84371K [0x0000000084800000, 0x0000000100000000)
  region size 1024K, 45 young (46080K), 4 survivors (4096K)
 Metaspace       used 79304K, committed 80128K, reserved 1179648K
  class space    used 11716K, committed 12096K, reserved 1048576K
}
Event: 2346.556 GC heap after
{Heap after GC invocations=39 (full 0):
 garbage-first heap   total 96256K, used 42231K [0x0000000084800000, 0x0000000100000000)
  region size 1024K, 3 young (3072K), 3 survivors (3072K)
 Metaspace       used 79304K, committed 80128K, reserved 1179648K
  class space    used 11716K, committed 12096K, reserved 1048576K
}
Event: 2830.745 GC heap before
{Heap before GC invocations=40 (full 0):
 garbage-first heap   total 96256K, used 86263K [0x0000000084800000, 0x0000000100000000)
  region size 1024K, 46 young (47104K), 3 survivors (3072K)
 Metaspace       used 79304K, committed 80128K, reserved 1179648K
  class space    used 11716K, committed 12096K, reserved 1048576K
}
Event: 2830.795 GC heap after
{Heap after GC invocations=41 (full 0):
 garbage-first heap   total 96256K, used 42027K [0x0000000084800000, 0x0000000100000000)
  region size 1024K, 3 young (3072K), 3 survivors (3072K)
 Metaspace       used 79304K, committed 80128K, reserved 1179648K
  class space    used 11716K, committed 12096K, reserved 1048576K
}
Event: 3317.051 GC heap before
{Heap before GC invocations=41 (full 0):
 garbage-first heap   total 96256K, used 86059K [0x0000000084800000, 0x0000000100000000)
  region size 1024K, 46 young (47104K), 3 survivors (3072K)
 Metaspace       used 79304K, committed 80128K, reserved 1179648K
  class space    used 11716K, committed 12096K, reserved 1048576K
}
Event: 3317.174 GC heap after
{Heap after GC invocations=42 (full 0):
 garbage-first heap   total 96256K, used 40965K [0x0000000084800000, 0x0000000100000000)
  region size 1024K, 3 young (3072K), 3 survivors (3072K)
 Metaspace       used 79304K, committed 80128K, reserved 1179648K
  class space    used 11716K, committed 12096K, reserved 1048576K
}
Event: 3576.320 GC heap before
{Heap before GC invocations=42 (full 0):
 garbage-first heap   total 96256K, used 86021K [0x0000000084800000, 0x0000000100000000)
  region size 1024K, 47 young (48128K), 3 survivors (3072K)
 Metaspace       used 79329K, committed 80128K, reserved 1179648K
  class space    used 11722K, committed 12096K, reserved 1048576K
}
Event: 3576.362 GC heap after
{Heap after GC invocations=43 (full 0):
 garbage-first heap   total 96256K, used 41435K [0x0000000084800000, 0x0000000100000000)
  region size 1024K, 4 young (4096K), 4 survivors (4096K)
 Metaspace       used 79329K, committed 80128K, reserved 1179648K
  class space    used 11722K, committed 12096K, reserved 1048576K
}
Event: 4162.734 GC heap before
{Heap before GC invocations=44 (full 0):
 garbage-first heap   total 96256K, used 53723K [0x0000000084800000, 0x0000000100000000)
  region size 1024K, 17 young (17408K), 4 survivors (4096K)
 Metaspace       used 79472K, committed 80320K, reserved 1179648K
  class space    used 11755K, committed 12160K, reserved 1048576K
}

