# JRE version: Java(TM) SE Runtime Environment (21.0.4+8) (build 21.0.4+8-LTS-274)
# Java VM: Java HotSpot(TM) 64-Bit Server VM (21.0.4+8-LTS-274, mixed mode, sharing, tiered, compressed oops, compressed class ptrs, g1 gc, windows-amd64)
GC Precious Log:
 CardTable entry size: 512
 Card Set container configuration: InlinePtr #cards 4 size 8 Array Of Cards #cards 16 size 48 Howl #buckets 8 coarsen threshold 3686 Howl Bitmap #cards 512 size 80 coarsen threshold 460 Card regions per heap region 1 cards per card region 4096
 CPUs: 12 total, 12 available
 Memory: 16092M
 Large Page Support: Disabled
 NUMA Support: Disabled
 Compressed Oops: Enabled (Zero based)
 Heap Region Size: 2M
 Heap Min Capacity: 8M
 Heap Initial Capacity: 252M
 Heap Max Capacity: 4024M
 Pre-touch: Disabled
 Parallel Workers: 10
 Concurrent Workers: 3
 Concurrent Refinement Workers: 10
 Periodic GC: Disabled
Heap:
 garbage-first heap   total 159744K, used 82829K [0x0000000704800000, 0x0000000800000000)
  region size 2048K, 6 young (12288K), 2 survivors (4096K)
 Metaspace       used 96555K, committed 97600K, reserved 1179648K
  class space    used 12409K, committed 12928K, reserved 1048576K
GC Heap History (20 events):
Event: 1534.457 GC heap after
{Heap after GC invocations=47 (full 3):
 garbage-first heap   total 116736K, used 65409K [0x0000000704800000, 0x0000000800000000)
  region size 2048K, 2 young (4096K), 2 survivors (4096K)
 Metaspace       used 92570K, committed 93568K, reserved 1179648K
  class space    used 12172K, committed 12672K, reserved 1048576K
}
Event: 1534.634 GC heap before
{Heap before GC invocations=48 (full 3):
 garbage-first heap   total 133120K, used 100225K [0x0000000704800000, 0x0000000800000000)
  region size 2048K, 19 young (38912K), 2 survivors (4096K)
 Metaspace       used 92816K, committed 93824K, reserved 1179648K
  class space    used 12185K, committed 12672K, reserved 1048576K
}
Event: 1534.636 GC heap after
{Heap after GC invocations=49 (full 3):
 garbage-first heap   total 133120K, used 65957K [0x0000000704800000, 0x0000000800000000)
  region size 2048K, 2 young (4096K), 2 survivors (4096K)
 Metaspace       used 92816K, committed 93824K, reserved 1179648K
  class space    used 12185K, committed 12672K, reserved 1048576K
}
Event: 1535.060 GC heap before
{Heap before GC invocations=49 (full 3):
 garbage-first heap   total 133120K, used 117157K [0x0000000704800000, 0x0000000800000000)
  region size 2048K, 27 young (55296K), 2 survivors (4096K)
 Metaspace       used 93048K, committed 94080K, reserved 1179648K
  class space    used 12195K, committed 12672K, reserved 1048576K
}
Event: 1535.066 GC heap after
{Heap after GC invocations=50 (full 3):
 garbage-first heap   total 159744K, used 67911K [0x0000000704800000, 0x0000000800000000)
  region size 2048K, 3 young (6144K), 3 survivors (6144K)
 Metaspace       used 93048K, committed 94080K, reserved 1179648K
  class space    used 12195K, committed 12672K, reserved 1048576K
}
Event: 1720.426 GC heap before
{Heap before GC invocations=50 (full 3):
 garbage-first heap   total 159744K, used 104775K [0x0000000704800000, 0x0000000800000000)
  region size 2048K, 22 young (45056K), 3 survivors (6144K)
 Metaspace       used 93095K, committed 94144K, reserved 1179648K
  class space    used 12196K, committed 12672K, reserved 1048576K
}
Event: 1720.529 GC heap after
{Heap after GC invocations=51 (full 4):
 garbage-first heap   total 159744K, used 61370K [0x0000000704800000, 0x0000000800000000)
  region size 2048K, 0 young (0K), 0 survivors (0K)
 Metaspace       used 93074K, committed 94144K, reserved 1179648K
  class space    used 12193K, committed 12672K, reserved 1048576K
}
Event: 1722.304 GC heap before
{Heap before GC invocations=51 (full 4):
 garbage-first heap   total 159744K, used 139194K [0x0000000704800000, 0x0000000800000000)
  region size 2048K, 38 young (77824K), 0 survivors (0K)
 Metaspace       used 93724K, committed 94784K, reserved 1179648K
  class space    used 12233K, committed 12736K, reserved 1048576K
}
Event: 1722.312 GC heap after
{Heap after GC invocations=52 (full 4):
 garbage-first heap   total 159744K, used 68511K [0x0000000704800000, 0x0000000800000000)
  region size 2048K, 4 young (8192K), 4 survivors (8192K)
 Metaspace       used 93724K, committed 94784K, reserved 1179648K
  class space    used 12233K, committed 12736K, reserved 1048576K
}
Event: 1723.359 GC heap before
{Heap before GC invocations=53 (full 4):
 garbage-first heap   total 159744K, used 131999K [0x0000000704800000, 0x0000000800000000)
  region size 2048K, 35 young (71680K), 4 survivors (8192K)
 Metaspace       used 94356K, committed 95488K, reserved 1179648K
  class space    used 12265K, committed 12800K, reserved 1048576K
}
Event: 1723.367 GC heap after
{Heap after GC invocations=54 (full 4):
 garbage-first heap   total 159744K, used 70852K [0x0000000704800000, 0x0000000800000000)
  region size 2048K, 2 young (4096K), 2 survivors (4096K)
 Metaspace       used 94356K, committed 95488K, reserved 1179648K
  class space    used 12265K, committed 12800K, reserved 1048576K
}
Event: 1723.734 GC heap before
{Heap before GC invocations=54 (full 4):
 garbage-first heap   total 159744K, used 134340K [0x0000000704800000, 0x0000000800000000)
  region size 2048K, 33 young (67584K), 2 survivors (4096K)
 Metaspace       used 94769K, committed 95872K, reserved 1179648K
  class space    used 12284K, committed 12800K, reserved 1048576K
}
Event: 1723.738 GC heap after
{Heap after GC invocations=55 (full 4):
 garbage-first heap   total 159744K, used 73042K [0x0000000704800000, 0x0000000800000000)
  region size 2048K, 3 young (6144K), 3 survivors (6144K)
 Metaspace       used 94769K, committed 95872K, reserved 1179648K
  class space    used 12284K, committed 12800K, reserved 1048576K
}
Event: 1724.379 GC heap before
{Heap before GC invocations=55 (full 4):
 garbage-first heap   total 159744K, used 134482K [0x0000000704800000, 0x0000000800000000)
  region size 2048K, 33 young (67584K), 3 survivors (6144K)
 Metaspace       used 94977K, committed 96064K, reserved 1179648K
  class space    used 12293K, committed 12800K, reserved 1048576K
}
Event: 1724.386 GC heap after
{Heap after GC invocations=56 (full 4):
 garbage-first heap   total 159744K, used 75419K [0x0000000704800000, 0x0000000800000000)
  region size 2048K, 4 young (8192K), 4 survivors (8192K)
 Metaspace       used 94977K, committed 96064K, reserved 1179648K
  class space    used 12293K, committed 12800K, reserved 1048576K
}
Event: 2393.205 GC heap before
{Heap before GC invocations=57 (full 4):
 garbage-first heap   total 159744K, used 132763K [0x0000000704800000, 0x0000000800000000)
  region size 2048K, 32 young (65536K), 4 survivors (8192K)
 Metaspace       used 95000K, committed 96064K, reserved 1179648K
  class space    used 12293K, committed 12800K, reserved 1048576K
}
Event: 2393.216 GC heap after
{Heap after GC invocations=58 (full 4):
 garbage-first heap   total 159744K, used 75166K [0x0000000704800000, 0x0000000800000000)
  region size 2048K, 2 young (4096K), 2 survivors (4096K)
 Metaspace       used 95000K, committed 96064K, reserved 1179648K
  class space    used 12293K, committed 12800K, reserved 1048576K
}
Event: 2599.857 GC heap before
{Heap before GC invocations=58 (full 4):
 garbage-first heap   total 159744K, used 136606K [0x0000000704800000, 0x0000000800000000)
  region size 2048K, 32 young (65536K), 2 survivors (4096K)
 Metaspace       used 96515K, committed 97600K, reserved 1179648K
  class space    used 12409K, committed 12928K, reserved 1048576K
}
Event: 2599.868 GC heap after
{Heap after GC invocations=59 (full 4):
 garbage-first heap   total 159744K, used 76685K [0x0000000704800000, 0x0000000800000000)
  region size 2048K, 2 young (4096K), 2 survivors (4096K)
 Metaspace       used 96515K, committed 97600K, reserved 1179648K
  class space    used 12409K, committed 12928K, reserved 1048576K
}
Event: 2653.470 GC heap before
{Heap before GC invocations=59 (full 4):
 garbage-first heap   total 159744K, used 82829K [0x0000000704800000, 0x0000000800000000)
  region size 2048K, 6 young (12288K), 2 survivors (4096K)
 Metaspace       used 96555K, committed 97600K, reserved 1179648K
  class space    used 12409K, committed 12928K, reserved 1048576K
}

