# JRE version: Java(TM) SE Runtime Environment (21.0.4+8) (build 21.0.4+8-LTS-274)
# Java VM: Java HotSpot(TM) 64-Bit Server VM (21.0.4+8-LTS-274, mixed mode, emulated-client, sharing, tiered, compressed oops, compressed class ptrs, g1 gc, windows-amd64)
GC Precious Log:
 CardTable entry size: 512
 Card Set container configuration: InlinePtr #cards 5 size 8 Array Of Cards #cards 12 size 40 Howl #buckets 4 coarsen threshold 1843 Howl Bitmap #cards 512 size 80 coarsen threshold 460 Card regions per heap region 1 cards per card region 2048
 CPUs: 12 total, 12 available
 Memory: 7900M
 Large Page Support: Disabled
 NUMA Support: Disabled
 Compressed Oops: Enabled (32-bit)
 Heap Region Size: 1M
 Heap Min Capacity: 8M
 Heap Initial Capacity: 124M
 Heap Max Capacity: 1976M
 Pre-touch: Disabled
 Parallel Workers: 10
 Concurrent Workers: 3
 Concurrent Refinement Workers: 10
 Periodic GC: Disabled
Heap:
 garbage-first heap   total 75776K, used 52233K [0x0000000084800000, 0x0000000100000000)
  region size 1024K, 11 young (11264K), 2 survivors (2048K)
 Metaspace       used 73936K, committed 74816K, reserved 1114112K
  class space    used 10983K, committed 11392K, reserved 1048576K
GC Heap History (20 events):
Event: 49.651 GC heap after
{Heap after GC invocations=25 (full 0):
 garbage-first heap   total 60416K, used 35103K [0x0000000084800000, 0x0000000100000000)
  region size 1024K, 3 young (3072K), 3 survivors (3072K)
 Metaspace       used 65720K, committed 66432K, reserved 1114112K
  class space    used 9656K, committed 9984K, reserved 1048576K
}
Event: 50.275 GC heap before
{Heap before GC invocations=25 (full 0):
 garbage-first heap   total 60416K, used 52511K [0x0000000084800000, 0x0000000100000000)
  region size 1024K, 20 young (20480K), 3 survivors (3072K)
 Metaspace       used 66432K, committed 67136K, reserved 1114112K
  class space    used 9764K, committed 10112K, reserved 1048576K
}
Event: 50.285 GC heap after
{Heap after GC invocations=26 (full 0):
 garbage-first heap   total 60416K, used 35156K [0x0000000084800000, 0x0000000100000000)
  region size 1024K, 2 young (2048K), 2 survivors (2048K)
 Metaspace       used 66432K, committed 67136K, reserved 1114112K
  class space    used 9764K, committed 10112K, reserved 1048576K
}
Event: 50.514 GC heap before
{Heap before GC invocations=26 (full 0):
 garbage-first heap   total 60416K, used 53588K [0x0000000084800000, 0x0000000100000000)
  region size 1024K, 20 young (20480K), 2 survivors (2048K)
 Metaspace       used 66485K, committed 67200K, reserved 1114112K
  class space    used 9769K, committed 10112K, reserved 1048576K
}
Event: 50.519 GC heap after
{Heap after GC invocations=27 (full 0):
 garbage-first heap   total 60416K, used 35889K [0x0000000084800000, 0x0000000100000000)
  region size 1024K, 2 young (2048K), 2 survivors (2048K)
 Metaspace       used 66485K, committed 67200K, reserved 1114112K
  class space    used 9769K, committed 10112K, reserved 1048576K
}
Event: 50.736 GC heap before
{Heap before GC invocations=28 (full 0):
 garbage-first heap   total 70656K, used 53297K [0x0000000084800000, 0x0000000100000000)
  region size 1024K, 19 young (19456K), 2 survivors (2048K)
 Metaspace       used 66483K, committed 67200K, reserved 1114112K
  class space    used 9768K, committed 10112K, reserved 1048576K
}
Event: 50.739 GC heap after
{Heap after GC invocations=29 (full 0):
 garbage-first heap   total 70656K, used 35937K [0x0000000084800000, 0x0000000100000000)
  region size 1024K, 2 young (2048K), 2 survivors (2048K)
 Metaspace       used 66483K, committed 67200K, reserved 1114112K
  class space    used 9768K, committed 10112K, reserved 1048576K
}
Event: 51.310 GC heap before
{Heap before GC invocations=29 (full 0):
 garbage-first heap   total 70656K, used 63585K [0x0000000084800000, 0x0000000100000000)
  region size 1024K, 29 young (29696K), 2 survivors (2048K)
 Metaspace       used 66737K, committed 67456K, reserved 1114112K
  class space    used 9799K, committed 10112K, reserved 1048576K
}
Event: 51.320 GC heap after
{Heap after GC invocations=30 (full 0):
 garbage-first heap   total 70656K, used 36344K [0x0000000084800000, 0x0000000100000000)
  region size 1024K, 3 young (3072K), 3 survivors (3072K)
 Metaspace       used 66737K, committed 67456K, reserved 1114112K
  class space    used 9799K, committed 10112K, reserved 1048576K
}
Event: 51.960 GC heap before
{Heap before GC invocations=30 (full 0):
 garbage-first heap   total 70656K, used 61944K [0x0000000084800000, 0x0000000100000000)
  region size 1024K, 28 young (28672K), 3 survivors (3072K)
 Metaspace       used 66832K, committed 67520K, reserved 1114112K
  class space    used 9804K, committed 10112K, reserved 1048576K
}
Event: 51.966 GC heap after
{Heap after GC invocations=31 (full 0):
 garbage-first heap   total 70656K, used 37102K [0x0000000084800000, 0x0000000100000000)
  region size 1024K, 3 young (3072K), 3 survivors (3072K)
 Metaspace       used 66832K, committed 67520K, reserved 1114112K
  class space    used 9804K, committed 10112K, reserved 1048576K
}
Event: 53.219 GC heap before
{Heap before GC invocations=32 (full 0):
 garbage-first heap   total 70656K, used 61678K [0x0000000084800000, 0x0000000100000000)
  region size 1024K, 28 young (28672K), 3 survivors (3072K)
 Metaspace       used 68117K, committed 68864K, reserved 1114112K
  class space    used 10018K, committed 10368K, reserved 1048576K
}
Event: 53.226 GC heap after
{Heap after GC invocations=33 (full 0):
 garbage-first heap   total 70656K, used 38838K [0x0000000084800000, 0x0000000100000000)
  region size 1024K, 4 young (4096K), 4 survivors (4096K)
 Metaspace       used 68117K, committed 68864K, reserved 1114112K
  class space    used 10018K, committed 10368K, reserved 1048576K
}
Event: 55.613 GC heap before
{Heap before GC invocations=33 (full 0):
 garbage-first heap   total 70656K, used 61366K [0x0000000084800000, 0x0000000100000000)
  region size 1024K, 26 young (26624K), 4 survivors (4096K)
 Metaspace       used 69926K, committed 70720K, reserved 1114112K
  class space    used 10319K, committed 10688K, reserved 1048576K
}
Event: 55.626 GC heap after
{Heap after GC invocations=34 (full 0):
 garbage-first heap   total 70656K, used 40351K [0x0000000084800000, 0x0000000100000000)
  region size 1024K, 4 young (4096K), 4 survivors (4096K)
 Metaspace       used 69926K, committed 70720K, reserved 1114112K
  class space    used 10319K, committed 10688K, reserved 1048576K
}
Event: 57.659 GC heap before
{Heap before GC invocations=34 (full 0):
 garbage-first heap   total 70656K, used 61855K [0x0000000084800000, 0x0000000100000000)
  region size 1024K, 25 young (25600K), 4 survivors (4096K)
 Metaspace       used 72189K, committed 73024K, reserved 1114112K
  class space    used 10690K, committed 11072K, reserved 1048576K
}
Event: 57.671 GC heap after
{Heap after GC invocations=35 (full 0):
 garbage-first heap   total 70656K, used 42805K [0x0000000084800000, 0x0000000100000000)
  region size 1024K, 4 young (4096K), 4 survivors (4096K)
 Metaspace       used 72189K, committed 73024K, reserved 1114112K
  class space    used 10690K, committed 11072K, reserved 1048576K
}
Event: 131.667 GC heap before
{Heap before GC invocations=36 (full 0):
 garbage-first heap   total 75776K, used 60213K [0x0000000084800000, 0x0000000100000000)
  region size 1024K, 22 young (22528K), 4 survivors (4096K)
 Metaspace       used 73765K, committed 74624K, reserved 1114112K
  class space    used 10946K, committed 11328K, reserved 1048576K
}
Event: 131.723 GC heap after
{Heap after GC invocations=37 (full 0):
 garbage-first heap   total 75776K, used 44041K [0x0000000084800000, 0x0000000100000000)
  region size 1024K, 2 young (2048K), 2 survivors (2048K)
 Metaspace       used 73765K, committed 74624K, reserved 1114112K
  class space    used 10946K, committed 11328K, reserved 1048576K
}
Event: 214.607 GC heap before
{Heap before GC invocations=37 (full 0):
 garbage-first heap   total 75776K, used 52233K [0x0000000084800000, 0x0000000100000000)
  region size 1024K, 11 young (11264K), 2 survivors (2048K)
 Metaspace       used 73936K, committed 74816K, reserved 1114112K
  class space    used 10983K, committed 11392K, reserved 1048576K
}

