# JRE version: Java(TM) SE Runtime Environment (21.0.4+8) (build 21.0.4+8-LTS-274)
# Java VM: Java HotSpot(TM) 64-Bit Server VM (21.0.4+8-LTS-274, mixed mode, sharing, tiered, compressed oops, compressed class ptrs, g1 gc, windows-amd64)
GC Precious Log:
 CardTable entry size: 512
 Card Set container configuration: InlinePtr #cards 4 size 8 Array Of Cards #cards 16 size 48 Howl #buckets 8 coarsen threshold 3686 Howl Bitmap #cards 512 size 80 coarsen threshold 460 Card regions per heap region 1 cards per card region 4096
 CPUs: 12 total, 12 available
 Memory: 16092M
 Large Page Support: Disabled
 NUMA Support: Disabled
 Compressed Oops: Enabled (Zero based)
 Heap Region Size: 2M
 Heap Min Capacity: 8M
 Heap Initial Capacity: 252M
 Heap Max Capacity: 4024M
 Pre-touch: Disabled
 Parallel Workers: 10
 Concurrent Workers: 3
 Concurrent Refinement Workers: 10
 Periodic GC: Disabled
Heap:
 garbage-first heap   total 137216K, used 104312K [0x0000000704800000, 0x0000000800000000)
  region size 2048K, 22 young (45056K), 3 survivors (6144K)
 Metaspace       used 96710K, committed 97536K, reserved 1179648K
  class space    used 12250K, committed 12608K, reserved 1048576K
GC Heap History (20 events):
Event: 6122.305 GC heap before
{Heap before GC invocations=43 (full 3):
 garbage-first heap   total 137216K, used 119274K [0x0000000704800000, 0x0000000800000000)
  region size 2048K, 32 young (65536K), 2 survivors (4096K)
 Metaspace       used 94005K, committed 94784K, reserved 1179648K
  class space    used 12080K, committed 12416K, reserved 1048576K
}
Event: 6122.323 GC heap after
{Heap after GC invocations=44 (full 3):
 garbage-first heap   total 137216K, used 57312K [0x0000000704800000, 0x0000000800000000)
  region size 2048K, 2 young (4096K), 2 survivors (4096K)
 Metaspace       used 94005K, committed 94784K, reserved 1179648K
  class space    used 12080K, committed 12416K, reserved 1048576K
}
Event: 6917.103 GC heap before
{Heap before GC invocations=45 (full 3):
 garbage-first heap   total 137216K, used 116704K [0x0000000704800000, 0x0000000800000000)
  region size 2048K, 32 young (65536K), 2 survivors (4096K)
 Metaspace       used 94012K, committed 94784K, reserved 1179648K
  class space    used 12078K, committed 12416K, reserved 1048576K
}
Event: 6917.110 GC heap after
{Heap after GC invocations=46 (full 3):
 garbage-first heap   total 137216K, used 57930K [0x0000000704800000, 0x0000000800000000)
  region size 2048K, 2 young (4096K), 2 survivors (4096K)
 Metaspace       used 94012K, committed 94784K, reserved 1179648K
  class space    used 12078K, committed 12416K, reserved 1048576K
}
Event: 7736.729 GC heap before
{Heap before GC invocations=46 (full 3):
 garbage-first heap   total 137216K, used 119370K [0x0000000704800000, 0x0000000800000000)
  region size 2048K, 32 young (65536K), 2 survivors (4096K)
 Metaspace       used 94013K, committed 94784K, reserved 1179648K
  class space    used 12078K, committed 12416K, reserved 1048576K
}
Event: 7736.735 GC heap after
{Heap after GC invocations=47 (full 3):
 garbage-first heap   total 137216K, used 58027K [0x0000000704800000, 0x0000000800000000)
  region size 2048K, 2 young (4096K), 2 survivors (4096K)
 Metaspace       used 94013K, committed 94784K, reserved 1179648K
  class space    used 12078K, committed 12416K, reserved 1048576K
}
Event: 7872.649 GC heap before
{Heap before GC invocations=47 (full 3):
 garbage-first heap   total 137216K, used 70315K [0x0000000704800000, 0x0000000800000000)
  region size 2048K, 9 young (18432K), 2 survivors (4096K)
 Metaspace       used 94025K, committed 94784K, reserved 1179648K
  class space    used 12078K, committed 12416K, reserved 1048576K
}
Event: 7872.744 GC heap after
{Heap after GC invocations=48 (full 4):
 garbage-first heap   total 137216K, used 51513K [0x0000000704800000, 0x0000000800000000)
  region size 2048K, 0 young (0K), 0 survivors (0K)
 Metaspace       used 94018K, committed 94784K, reserved 1179648K
  class space    used 12077K, committed 12416K, reserved 1048576K
}
Event: 7874.446 GC heap before
{Heap before GC invocations=48 (full 4):
 garbage-first heap   total 137216K, used 121145K [0x0000000704800000, 0x0000000800000000)
  region size 2048K, 35 young (71680K), 0 survivors (0K)
 Metaspace       used 94602K, committed 95424K, reserved 1179648K
  class space    used 12118K, committed 12480K, reserved 1048576K
}
Event: 7874.456 GC heap after
{Heap after GC invocations=49 (full 4):
 garbage-first heap   total 137216K, used 57624K [0x0000000704800000, 0x0000000800000000)
  region size 2048K, 3 young (6144K), 3 survivors (6144K)
 Metaspace       used 94602K, committed 95424K, reserved 1179648K
  class space    used 12118K, committed 12480K, reserved 1048576K
}
Event: 7875.160 GC heap before
{Heap before GC invocations=50 (full 4):
 garbage-first heap   total 137216K, used 117016K [0x0000000704800000, 0x0000000800000000)
  region size 2048K, 32 young (65536K), 3 survivors (6144K)
 Metaspace       used 95217K, committed 96128K, reserved 1179648K
  class space    used 12150K, committed 12544K, reserved 1048576K
}
Event: 7875.169 GC heap after
{Heap after GC invocations=51 (full 4):
 garbage-first heap   total 137216K, used 60660K [0x0000000704800000, 0x0000000800000000)
  region size 2048K, 2 young (4096K), 2 survivors (4096K)
 Metaspace       used 95217K, committed 96128K, reserved 1179648K
  class space    used 12150K, committed 12544K, reserved 1048576K
}
Event: 7875.382 GC heap before
{Heap before GC invocations=51 (full 4):
 garbage-first heap   total 137216K, used 118004K [0x0000000704800000, 0x0000000800000000)
  region size 2048K, 30 young (61440K), 2 survivors (4096K)
 Metaspace       used 95526K, committed 96384K, reserved 1179648K
  class space    used 12164K, committed 12544K, reserved 1048576K
}
Event: 7875.386 GC heap after
{Heap after GC invocations=52 (full 4):
 garbage-first heap   total 137216K, used 62513K [0x0000000704800000, 0x0000000800000000)
  region size 2048K, 3 young (6144K), 3 survivors (6144K)
 Metaspace       used 95526K, committed 96384K, reserved 1179648K
  class space    used 12164K, committed 12544K, reserved 1048576K
}
Event: 7875.877 GC heap before
{Heap before GC invocations=52 (full 4):
 garbage-first heap   total 137216K, used 115761K [0x0000000704800000, 0x0000000800000000)
  region size 2048K, 29 young (59392K), 3 survivors (6144K)
 Metaspace       used 95821K, committed 96640K, reserved 1179648K
  class space    used 12178K, committed 12544K, reserved 1048576K
}
Event: 7875.882 GC heap after
{Heap after GC invocations=53 (full 4):
 garbage-first heap   total 137216K, used 64773K [0x0000000704800000, 0x0000000800000000)
  region size 2048K, 2 young (4096K), 2 survivors (4096K)
 Metaspace       used 95821K, committed 96640K, reserved 1179648K
  class space    used 12178K, committed 12544K, reserved 1048576K
}
Event: 7928.629 GC heap before
{Heap before GC invocations=54 (full 4):
 garbage-first heap   total 137216K, used 120069K [0x0000000704800000, 0x0000000800000000)
  region size 2048K, 29 young (59392K), 2 survivors (4096K)
 Metaspace       used 96216K, committed 97024K, reserved 1179648K
  class space    used 12201K, committed 12544K, reserved 1048576K
}
Event: 7928.640 GC heap after
{Heap after GC invocations=55 (full 4):
 garbage-first heap   total 137216K, used 66746K [0x0000000704800000, 0x0000000800000000)
  region size 2048K, 3 young (6144K), 3 survivors (6144K)
 Metaspace       used 96216K, committed 97024K, reserved 1179648K
  class space    used 12201K, committed 12544K, reserved 1048576K
}
Event: 8317.926 GC heap before
{Heap before GC invocations=55 (full 4):
 garbage-first heap   total 137216K, used 117946K [0x0000000704800000, 0x0000000800000000)
  region size 2048K, 28 young (57344K), 3 survivors (6144K)
 Metaspace       used 96623K, committed 97472K, reserved 1179648K
  class space    used 12241K, committed 12608K, reserved 1048576K
}
Event: 8317.931 GC heap after
{Heap after GC invocations=56 (full 4):
 garbage-first heap   total 137216K, used 67448K [0x0000000704800000, 0x0000000800000000)
  region size 2048K, 3 young (6144K), 3 survivors (6144K)
 Metaspace       used 96623K, committed 97472K, reserved 1179648K
  class space    used 12241K, committed 12608K, reserved 1048576K
}

