# JRE version: Java(TM) SE Runtime Environment (21.0.4+8) (build 21.0.4+8-LTS-274)
# Java VM: Java HotSpot(TM) 64-Bit Server VM (21.0.4+8-LTS-274, mixed mode, sharing, tiered, compressed oops, compressed class ptrs, g1 gc, windows-amd64)
GC Precious Log:
 CardTable entry size: 512
 Card Set container configuration: InlinePtr #cards 5 size 8 Array Of Cards #cards 12 size 40 Howl #buckets 4 coarsen threshold 1843 Howl Bitmap #cards 512 size 80 coarsen threshold 460 Card regions per heap region 1 cards per card region 2048
 CPUs: 12 total, 12 available
 Memory: 7900M
 Large Page Support: Disabled
 NUMA Support: Disabled
 Compressed Oops: Enabled (32-bit)
 Heap Region Size: 1M
 Heap Min Capacity: 8M
 Heap Initial Capacity: 124M
 Heap Max Capacity: 1976M
 Pre-touch: Disabled
 Parallel Workers: 10
 Concurrent Workers: 3
 Concurrent Refinement Workers: 10
 Periodic GC: Disabled
Heap:
 garbage-first heap   total 63488K, used 47209K [0x0000000084800000, 0x0000000100000000)
  region size 1024K, 15 young (15360K), 2 survivors (2048K)
 Metaspace       used 69571K, committed 70336K, reserved 1114112K
  class space    used 9552K, committed 9920K, reserved 1048576K
GC Heap History (20 events):
Event: 19.058 GC heap before
{Heap before GC invocations=14 (full 0):
 garbage-first heap   total 55296K, used 47322K [0x0000000084800000, 0x0000000100000000)
  region size 1024K, 21 young (21504K), 2 survivors (2048K)
 Metaspace       used 56658K, committed 57216K, reserved 1114112K
  class space    used 7573K, committed 7808K, reserved 1048576K
}
Event: 19.065 GC heap after
{Heap after GC invocations=15 (full 0):
 garbage-first heap   total 55296K, used 29681K [0x0000000084800000, 0x0000000100000000)
  region size 1024K, 2 young (2048K), 2 survivors (2048K)
 Metaspace       used 56658K, committed 57216K, reserved 1114112K
  class space    used 7573K, committed 7808K, reserved 1048576K
}
Event: 19.981 GC heap before
{Heap before GC invocations=16 (full 0):
 garbage-first heap   total 55296K, used 48113K [0x0000000084800000, 0x0000000100000000)
  region size 1024K, 21 young (21504K), 2 survivors (2048K)
 Metaspace       used 57503K, committed 58112K, reserved 1114112K
  class space    used 7732K, committed 8000K, reserved 1048576K
}
Event: 19.986 GC heap after
{Heap after GC invocations=17 (full 0):
 garbage-first heap   total 55296K, used 30087K [0x0000000084800000, 0x0000000100000000)
  region size 1024K, 2 young (2048K), 2 survivors (2048K)
 Metaspace       used 57503K, committed 58112K, reserved 1114112K
  class space    used 7732K, committed 8000K, reserved 1048576K
}
Event: 20.872 GC heap before
{Heap before GC invocations=17 (full 0):
 garbage-first heap   total 55296K, used 48519K [0x0000000084800000, 0x0000000100000000)
  region size 1024K, 20 young (20480K), 2 survivors (2048K)
 Metaspace       used 60696K, committed 61376K, reserved 1114112K
  class space    used 8210K, committed 8512K, reserved 1048576K
}
Event: 20.884 GC heap after
{Heap after GC invocations=18 (full 0):
 garbage-first heap   total 55296K, used 30177K [0x0000000084800000, 0x0000000100000000)
  region size 1024K, 2 young (2048K), 2 survivors (2048K)
 Metaspace       used 60696K, committed 61376K, reserved 1114112K
  class space    used 8210K, committed 8512K, reserved 1048576K
}
Event: 25.186 GC heap before
{Heap before GC invocations=18 (full 0):
 garbage-first heap   total 55296K, used 47585K [0x0000000084800000, 0x0000000100000000)
  region size 1024K, 20 young (20480K), 2 survivors (2048K)
 Metaspace       used 61872K, committed 62464K, reserved 1114112K
  class space    used 8321K, committed 8576K, reserved 1048576K
}
Event: 25.191 GC heap after
{Heap after GC invocations=19 (full 0):
 garbage-first heap   total 55296K, used 30860K [0x0000000084800000, 0x0000000100000000)
  region size 1024K, 2 young (2048K), 2 survivors (2048K)
 Metaspace       used 61872K, committed 62464K, reserved 1114112K
  class space    used 8321K, committed 8576K, reserved 1048576K
}
Event: 25.939 GC heap before
{Heap before GC invocations=20 (full 0):
 garbage-first heap   total 55296K, used 48268K [0x0000000084800000, 0x0000000100000000)
  region size 1024K, 19 young (19456K), 2 survivors (2048K)
 Metaspace       used 63810K, committed 64576K, reserved 1114112K
  class space    used 8605K, committed 8960K, reserved 1048576K
}
Event: 25.945 GC heap after
{Heap after GC invocations=21 (full 0):
 garbage-first heap   total 55296K, used 31708K [0x0000000084800000, 0x0000000100000000)
  region size 1024K, 3 young (3072K), 3 survivors (3072K)
 Metaspace       used 63810K, committed 64576K, reserved 1114112K
  class space    used 8605K, committed 8960K, reserved 1048576K
}
Event: 26.276 GC heap before
{Heap before GC invocations=21 (full 0):
 garbage-first heap   total 55296K, used 47068K [0x0000000084800000, 0x0000000100000000)
  region size 1024K, 18 young (18432K), 3 survivors (3072K)
 Metaspace       used 64941K, committed 65664K, reserved 1114112K
  class space    used 8759K, committed 9088K, reserved 1048576K
}
Event: 26.281 GC heap after
{Heap after GC invocations=22 (full 0):
 garbage-first heap   total 55296K, used 31799K [0x0000000084800000, 0x0000000100000000)
  region size 1024K, 3 young (3072K), 3 survivors (3072K)
 Metaspace       used 64941K, committed 65664K, reserved 1114112K
  class space    used 8759K, committed 9088K, reserved 1048576K
}
Event: 26.678 GC heap before
{Heap before GC invocations=22 (full 0):
 garbage-first heap   total 55296K, used 47159K [0x0000000084800000, 0x0000000100000000)
  region size 1024K, 18 young (18432K), 3 survivors (3072K)
 Metaspace       used 65497K, committed 66240K, reserved 1114112K
  class space    used 8843K, committed 9216K, reserved 1048576K
}
Event: 26.684 GC heap after
{Heap after GC invocations=23 (full 0):
 garbage-first heap   total 55296K, used 32782K [0x0000000084800000, 0x0000000100000000)
  region size 1024K, 3 young (3072K), 3 survivors (3072K)
 Metaspace       used 65497K, committed 66240K, reserved 1114112K
  class space    used 8843K, committed 9216K, reserved 1048576K
}
Event: 27.018 GC heap before
{Heap before GC invocations=24 (full 0):
 garbage-first heap   total 63488K, used 47118K [0x0000000084800000, 0x0000000100000000)
  region size 1024K, 17 young (17408K), 3 survivors (3072K)
 Metaspace       used 65760K, committed 66496K, reserved 1114112K
  class space    used 8872K, committed 9216K, reserved 1048576K
}
Event: 27.023 GC heap after
{Heap after GC invocations=25 (full 0):
 garbage-first heap   total 63488K, used 33238K [0x0000000084800000, 0x0000000100000000)
  region size 1024K, 2 young (2048K), 2 survivors (2048K)
 Metaspace       used 65760K, committed 66496K, reserved 1114112K
  class space    used 8872K, committed 9216K, reserved 1048576K
}
Event: 28.075 GC heap before
{Heap before GC invocations=25 (full 0):
 garbage-first heap   total 63488K, used 55766K [0x0000000084800000, 0x0000000100000000)
  region size 1024K, 25 young (25600K), 2 survivors (2048K)
 Metaspace       used 68739K, committed 69504K, reserved 1114112K
  class space    used 9437K, committed 9792K, reserved 1048576K
}
Event: 28.082 GC heap after
{Heap after GC invocations=26 (full 0):
 garbage-first heap   total 63488K, used 34682K [0x0000000084800000, 0x0000000100000000)
  region size 1024K, 4 young (4096K), 4 survivors (4096K)
 Metaspace       used 68739K, committed 69504K, reserved 1114112K
  class space    used 9437K, committed 9792K, reserved 1048576K
}
Event: 28.437 GC heap before
{Heap before GC invocations=26 (full 0):
 garbage-first heap   total 63488K, used 53114K [0x0000000084800000, 0x0000000100000000)
  region size 1024K, 23 young (23552K), 4 survivors (4096K)
 Metaspace       used 69065K, committed 69760K, reserved 1114112K
  class space    used 9515K, committed 9856K, reserved 1048576K
}
Event: 28.446 GC heap after
{Heap after GC invocations=27 (full 0):
 garbage-first heap   total 63488K, used 35945K [0x0000000084800000, 0x0000000100000000)
  region size 1024K, 2 young (2048K), 2 survivors (2048K)
 Metaspace       used 69065K, committed 69760K, reserved 1114112K
  class space    used 9515K, committed 9856K, reserved 1048576K
}

