# JRE version: Java(TM) SE Runtime Environment (21.0.4+8) (build 21.0.4+8-LTS-274)
# Java VM: Java HotSpot(TM) 64-Bit Server VM (21.0.4+8-LTS-274, mixed mode, emulated-client, sharing, tiered, compressed oops, compressed class ptrs, g1 gc, windows-amd64)
GC Precious Log:
 CardTable entry size: 512
 Card Set container configuration: InlinePtr #cards 5 size 8 Array Of Cards #cards 12 size 40 Howl #buckets 4 coarsen threshold 1843 Howl Bitmap #cards 512 size 80 coarsen threshold 460 Card regions per heap region 1 cards per card region 2048
 CPUs: 12 total, 12 available
 Memory: 7900M
 Large Page Support: Disabled
 NUMA Support: Disabled
 Compressed Oops: Enabled (32-bit)
 Heap Region Size: 1M
 Heap Min Capacity: 8M
 Heap Initial Capacity: 124M
 Heap Max Capacity: 1976M
 Pre-touch: Disabled
 Parallel Workers: 10
 Concurrent Workers: 3
 Concurrent Refinement Workers: 10
 Periodic GC: Disabled
Heap:
 garbage-first heap   total 96256K, used 79311K [0x0000000084800000, 0x0000000100000000)
  region size 1024K, 38 young (38912K), 2 survivors (2048K)
 Metaspace       used 79276K, committed 80192K, reserved 1179648K
  class space    used 11676K, committed 12096K, reserved 1048576K
GC Heap History (20 events):
Event: 8.659 GC heap after
{Heap after GC invocations=18 (full 0):
 garbage-first heap   total 79872K, used 36497K [0x0000000084800000, 0x0000000100000000)
  region size 1024K, 5 young (5120K), 5 survivors (5120K)
 Metaspace       used 66627K, committed 67328K, reserved 1114112K
  class space    used 9777K, committed 10112K, reserved 1048576K
}
Event: 8.780 GC heap before
{Heap before GC invocations=18 (full 0):
 garbage-first heap   total 79872K, used 69265K [0x0000000084800000, 0x0000000100000000)
  region size 1024K, 37 young (37888K), 5 survivors (5120K)
 Metaspace       used 66751K, committed 67456K, reserved 1114112K
  class space    used 9786K, committed 10112K, reserved 1048576K
}
Event: 8.786 GC heap after
{Heap after GC invocations=19 (full 0):
 garbage-first heap   total 79872K, used 37128K [0x0000000084800000, 0x0000000100000000)
  region size 1024K, 4 young (4096K), 4 survivors (4096K)
 Metaspace       used 66751K, committed 67456K, reserved 1114112K
  class space    used 9786K, committed 10112K, reserved 1048576K
}
Event: 8.925 GC heap before
{Heap before GC invocations=20 (full 0):
 garbage-first heap   total 79872K, used 69896K [0x0000000084800000, 0x0000000100000000)
  region size 1024K, 36 young (36864K), 4 survivors (4096K)
 Metaspace       used 66912K, committed 67712K, reserved 1114112K
  class space    used 9797K, committed 10176K, reserved 1048576K
}
Event: 8.930 GC heap after
{Heap after GC invocations=21 (full 0):
 garbage-first heap   total 79872K, used 37835K [0x0000000084800000, 0x0000000100000000)
  region size 1024K, 2 young (2048K), 2 survivors (2048K)
 Metaspace       used 66912K, committed 67712K, reserved 1114112K
  class space    used 9797K, committed 10176K, reserved 1048576K
}
Event: 9.051 GC heap before
{Heap before GC invocations=21 (full 0):
 garbage-first heap   total 79872K, used 71627K [0x0000000084800000, 0x0000000100000000)
  region size 1024K, 35 young (35840K), 2 survivors (2048K)
 Metaspace       used 67094K, committed 67840K, reserved 1114112K
  class space    used 9834K, committed 10176K, reserved 1048576K
}
Event: 9.057 GC heap after
{Heap after GC invocations=22 (full 0):
 garbage-first heap   total 96256K, used 38169K [0x0000000084800000, 0x0000000100000000)
  region size 1024K, 3 young (3072K), 3 survivors (3072K)
 Metaspace       used 67094K, committed 67840K, reserved 1114112K
  class space    used 9834K, committed 10176K, reserved 1048576K
}
Event: 9.943 GC heap before
{Heap before GC invocations=22 (full 0):
 garbage-first heap   total 96256K, used 86297K [0x0000000084800000, 0x0000000100000000)
  region size 1024K, 50 young (51200K), 3 survivors (3072K)
 Metaspace       used 71573K, committed 72448K, reserved 1114112K
  class space    used 10571K, committed 10944K, reserved 1048576K
}
Event: 9.954 GC heap after
{Heap after GC invocations=23 (full 0):
 garbage-first heap   total 96256K, used 42883K [0x0000000084800000, 0x0000000100000000)
  region size 1024K, 7 young (7168K), 7 survivors (7168K)
 Metaspace       used 71573K, committed 72448K, reserved 1114112K
  class space    used 10571K, committed 10944K, reserved 1048576K
}
Event: 16.661 GC heap before
{Heap before GC invocations=23 (full 0):
 garbage-first heap   total 96256K, used 81795K [0x0000000084800000, 0x0000000100000000)
  region size 1024K, 46 young (47104K), 7 survivors (7168K)
 Metaspace       used 78258K, committed 79232K, reserved 1179648K
  class space    used 11547K, committed 11968K, reserved 1048576K
}
Event: 16.673 GC heap after
{Heap after GC invocations=24 (full 0):
 garbage-first heap   total 96256K, used 46673K [0x0000000084800000, 0x0000000100000000)
  region size 1024K, 4 young (4096K), 4 survivors (4096K)
 Metaspace       used 78258K, committed 79232K, reserved 1179648K
  class space    used 11547K, committed 11968K, reserved 1048576K
}
Event: 149.886 GC heap before
{Heap before GC invocations=24 (full 0):
 garbage-first heap   total 96256K, used 85585K [0x0000000084800000, 0x0000000100000000)
  region size 1024K, 42 young (43008K), 4 survivors (4096K)
 Metaspace       used 78919K, committed 79936K, reserved 1179648K
  class space    used 11643K, committed 12096K, reserved 1048576K
}
Event: 149.923 GC heap after
{Heap after GC invocations=25 (full 0):
 garbage-first heap   total 96256K, used 46580K [0x0000000084800000, 0x0000000100000000)
  region size 1024K, 1 young (1024K), 1 survivors (1024K)
 Metaspace       used 78919K, committed 79936K, reserved 1179648K
  class space    used 11643K, committed 12096K, reserved 1048576K
}
Event: 245.794 GC heap before
{Heap before GC invocations=26 (full 0):
 garbage-first heap   total 96256K, used 88564K [0x0000000084800000, 0x0000000100000000)
  region size 1024K, 42 young (43008K), 1 survivors (1024K)
 Metaspace       used 79015K, committed 80064K, reserved 1179648K
  class space    used 11623K, committed 12096K, reserved 1048576K
}
Event: 245.805 GC heap after
{Heap after GC invocations=27 (full 0):
 garbage-first heap   total 96256K, used 47289K [0x0000000084800000, 0x0000000100000000)
  region size 1024K, 2 young (2048K), 2 survivors (2048K)
 Metaspace       used 79015K, committed 80064K, reserved 1179648K
  class space    used 11623K, committed 12096K, reserved 1048576K
}
Event: 574.034 GC heap before
{Heap before GC invocations=27 (full 0):
 garbage-first heap   total 96256K, used 87225K [0x0000000084800000, 0x0000000100000000)
  region size 1024K, 41 young (41984K), 2 survivors (2048K)
 Metaspace       used 79141K, committed 80128K, reserved 1179648K
  class space    used 11646K, committed 12096K, reserved 1048576K
}
Event: 574.101 GC heap after
{Heap after GC invocations=28 (full 0):
 garbage-first heap   total 96256K, used 43692K [0x0000000084800000, 0x0000000100000000)
  region size 1024K, 2 young (2048K), 2 survivors (2048K)
 Metaspace       used 79141K, committed 80128K, reserved 1179648K
  class space    used 11646K, committed 12096K, reserved 1048576K
}
Event: 1025.689 GC heap before
{Heap before GC invocations=28 (full 0):
 garbage-first heap   total 96256K, used 86700K [0x0000000084800000, 0x0000000100000000)
  region size 1024K, 44 young (45056K), 2 survivors (2048K)
 Metaspace       used 79143K, committed 80128K, reserved 1179648K
  class space    used 11646K, committed 12096K, reserved 1048576K
}
Event: 1025.791 GC heap after
{Heap after GC invocations=29 (full 0):
 garbage-first heap   total 96256K, used 43471K [0x0000000084800000, 0x0000000100000000)
  region size 1024K, 2 young (2048K), 2 survivors (2048K)
 Metaspace       used 79143K, committed 80128K, reserved 1179648K
  class space    used 11646K, committed 12096K, reserved 1048576K
}
Event: 1385.466 GC heap before
{Heap before GC invocations=30 (full 0):
 garbage-first heap   total 96256K, used 79311K [0x0000000084800000, 0x0000000100000000)
  region size 1024K, 38 young (38912K), 2 survivors (2048K)
 Metaspace       used 79276K, committed 80192K, reserved 1179648K
  class space    used 11676K, committed 12096K, reserved 1048576K
}

