# JRE version: Java(TM) SE Runtime Environment (21.0.4+8) (build 21.0.4+8-LTS-274)
# Java VM: Java HotSpot(TM) 64-Bit Server VM (21.0.4+8-LTS-274, mixed mode, emulated-client, sharing, tiered, compressed oops, compressed class ptrs, g1 gc, windows-amd64)
GC Precious Log:
 CardTable entry size: 512
 Card Set container configuration: InlinePtr #cards 5 size 8 Array Of Cards #cards 12 size 40 Howl #buckets 4 coarsen threshold 1843 Howl Bitmap #cards 512 size 80 coarsen threshold 460 Card regions per heap region 1 cards per card region 2048
 CPUs: 12 total, 12 available
 Memory: 7900M
 Large Page Support: Disabled
 NUMA Support: Disabled
 Compressed Oops: Enabled (32-bit)
 Heap Region Size: 1M
 Heap Min Capacity: 8M
 Heap Initial Capacity: 124M
 Heap Max Capacity: 1976M
 Pre-touch: Disabled
 Parallel Workers: 10
 Concurrent Workers: 3
 Concurrent Refinement Workers: 10
 Periodic GC: Disabled
Heap:
 garbage-first heap   total 96256K, used 80526K [0x0000000084800000, 0x0000000100000000)
  region size 1024K, 43 young (44032K), 2 survivors (2048K)
 Metaspace       used 77765K, committed 78976K, reserved 1179648K
  class space    used 11453K, committed 11968K, reserved 1048576K
GC Heap History (20 events):
Event: 1592.814 GC heap after
{Heap after GC invocations=28 (full 0):
 garbage-first heap   total 96256K, used 42282K [0x0000000084800000, 0x0000000100000000)
  region size 1024K, 3 young (3072K), 3 survivors (3072K)
 Metaspace       used 77635K, committed 78912K, reserved 1179648K
  class space    used 11422K, committed 11968K, reserved 1048576K
}
Event: 2048.441 GC heap before
{Heap before GC invocations=28 (full 0):
 garbage-first heap   total 96256K, used 86314K [0x0000000084800000, 0x0000000100000000)
  region size 1024K, 46 young (47104K), 3 survivors (3072K)
 Metaspace       used 77694K, committed 78976K, reserved 1179648K
  class space    used 11434K, committed 11968K, reserved 1048576K
}
Event: 2048.512 GC heap after
{Heap after GC invocations=29 (full 0):
 garbage-first heap   total 96256K, used 43003K [0x0000000084800000, 0x0000000100000000)
  region size 1024K, 4 young (4096K), 4 survivors (4096K)
 Metaspace       used 77694K, committed 78976K, reserved 1179648K
  class space    used 11434K, committed 11968K, reserved 1048576K
}
Event: 2501.973 GC heap before
{Heap before GC invocations=30 (full 0):
 garbage-first heap   total 96256K, used 84987K [0x0000000084800000, 0x0000000100000000)
  region size 1024K, 45 young (46080K), 4 survivors (4096K)
 Metaspace       used 77694K, committed 78976K, reserved 1179648K
  class space    used 11434K, committed 11968K, reserved 1048576K
}
Event: 2502.081 GC heap after
{Heap after GC invocations=31 (full 0):
 garbage-first heap   total 96256K, used 43053K [0x0000000084800000, 0x0000000100000000)
  region size 1024K, 2 young (2048K), 2 survivors (2048K)
 Metaspace       used 77694K, committed 78976K, reserved 1179648K
  class space    used 11434K, committed 11968K, reserved 1048576K
}
Event: 2985.544 GC heap before
{Heap before GC invocations=31 (full 0):
 garbage-first heap   total 96256K, used 87085K [0x0000000084800000, 0x0000000100000000)
  region size 1024K, 45 young (46080K), 2 survivors (2048K)
 Metaspace       used 77694K, committed 78976K, reserved 1179648K
  class space    used 11434K, committed 11968K, reserved 1048576K
}
Event: 2985.620 GC heap after
{Heap after GC invocations=32 (full 0):
 garbage-first heap   total 96256K, used 41210K [0x0000000084800000, 0x0000000100000000)
  region size 1024K, 2 young (2048K), 2 survivors (2048K)
 Metaspace       used 77694K, committed 78976K, reserved 1179648K
  class space    used 11434K, committed 11968K, reserved 1048576K
}
Event: 3491.073 GC heap before
{Heap before GC invocations=32 (full 0):
 garbage-first heap   total 96256K, used 87290K [0x0000000084800000, 0x0000000100000000)
  region size 1024K, 47 young (48128K), 2 survivors (2048K)
 Metaspace       used 77694K, committed 78976K, reserved 1179648K
  class space    used 11434K, committed 11968K, reserved 1048576K
}
Event: 3491.160 GC heap after
{Heap after GC invocations=33 (full 0):
 garbage-first heap   total 96256K, used 41183K [0x0000000084800000, 0x0000000100000000)
  region size 1024K, 2 young (2048K), 2 survivors (2048K)
 Metaspace       used 77694K, committed 78976K, reserved 1179648K
  class space    used 11434K, committed 11968K, reserved 1048576K
}
Event: 3973.062 GC heap before
{Heap before GC invocations=34 (full 0):
 garbage-first heap   total 96256K, used 87263K [0x0000000084800000, 0x0000000100000000)
  region size 1024K, 47 young (48128K), 2 survivors (2048K)
 Metaspace       used 77618K, committed 78976K, reserved 1179648K
  class space    used 11417K, committed 11968K, reserved 1048576K
}
Event: 3973.124 GC heap after
{Heap after GC invocations=35 (full 0):
 garbage-first heap   total 96256K, used 41469K [0x0000000084800000, 0x0000000100000000)
  region size 1024K, 2 young (2048K), 2 survivors (2048K)
 Metaspace       used 77618K, committed 78976K, reserved 1179648K
  class space    used 11417K, committed 11968K, reserved 1048576K
}
Event: 4475.949 GC heap before
{Heap before GC invocations=35 (full 0):
 garbage-first heap   total 96256K, used 87549K [0x0000000084800000, 0x0000000100000000)
  region size 1024K, 47 young (48128K), 2 survivors (2048K)
 Metaspace       used 77618K, committed 78976K, reserved 1179648K
  class space    used 11417K, committed 11968K, reserved 1048576K
}
Event: 4476.025 GC heap after
{Heap after GC invocations=36 (full 0):
 garbage-first heap   total 96256K, used 40500K [0x0000000084800000, 0x0000000100000000)
  region size 1024K, 2 young (2048K), 2 survivors (2048K)
 Metaspace       used 77618K, committed 78976K, reserved 1179648K
  class space    used 11417K, committed 11968K, reserved 1048576K
}
Event: 4987.461 GC heap before
{Heap before GC invocations=36 (full 0):
 garbage-first heap   total 96256K, used 86580K [0x0000000084800000, 0x0000000100000000)
  region size 1024K, 47 young (48128K), 2 survivors (2048K)
 Metaspace       used 77618K, committed 78976K, reserved 1179648K
  class space    used 11417K, committed 11968K, reserved 1048576K
}
Event: 4987.493 GC heap after
{Heap after GC invocations=37 (full 0):
 garbage-first heap   total 96256K, used 40497K [0x0000000084800000, 0x0000000100000000)
  region size 1024K, 2 young (2048K), 2 survivors (2048K)
 Metaspace       used 77618K, committed 78976K, reserved 1179648K
  class space    used 11417K, committed 11968K, reserved 1048576K
}
Event: 5475.604 GC heap before
{Heap before GC invocations=38 (full 0):
 garbage-first heap   total 96256K, used 86577K [0x0000000084800000, 0x0000000100000000)
  region size 1024K, 47 young (48128K), 2 survivors (2048K)
 Metaspace       used 77619K, committed 78976K, reserved 1179648K
  class space    used 11418K, committed 11968K, reserved 1048576K
}
Event: 5475.625 GC heap after
{Heap after GC invocations=39 (full 0):
 garbage-first heap   total 96256K, used 40750K [0x0000000084800000, 0x0000000100000000)
  region size 1024K, 2 young (2048K), 2 survivors (2048K)
 Metaspace       used 77619K, committed 78976K, reserved 1179648K
  class space    used 11418K, committed 11968K, reserved 1048576K
}
Event: 5980.342 GC heap before
{Heap before GC invocations=39 (full 0):
 garbage-first heap   total 96256K, used 86830K [0x0000000084800000, 0x0000000100000000)
  region size 1024K, 47 young (48128K), 2 survivors (2048K)
 Metaspace       used 77619K, committed 78976K, reserved 1179648K
  class space    used 11418K, committed 11968K, reserved 1048576K
}
Event: 5980.432 GC heap after
{Heap after GC invocations=40 (full 0):
 garbage-first heap   total 96256K, used 39566K [0x0000000084800000, 0x0000000100000000)
  region size 1024K, 2 young (2048K), 2 survivors (2048K)
 Metaspace       used 77619K, committed 78976K, reserved 1179648K
  class space    used 11418K, committed 11968K, reserved 1048576K
}
Event: 6542.408 GC heap before
{Heap before GC invocations=40 (full 0):
 garbage-first heap   total 96256K, used 80526K [0x0000000084800000, 0x0000000100000000)
  region size 1024K, 43 young (44032K), 2 survivors (2048K)
 Metaspace       used 77765K, committed 78976K, reserved 1179648K
  class space    used 11453K, committed 11968K, reserved 1048576K
}

