# JRE version: Java(TM) SE Runtime Environment (21.0.4+8) (build 21.0.4+8-LTS-274)
# Java VM: Java HotSpot(TM) 64-Bit Server VM (21.0.4+8-LTS-274, mixed mode, emulated-client, sharing, tiered, compressed oops, compressed class ptrs, g1 gc, windows-amd64)
GC Precious Log:
 CardTable entry size: 512
 Card Set container configuration: InlinePtr #cards 5 size 8 Array Of Cards #cards 12 size 40 Howl #buckets 4 coarsen threshold 1843 Howl Bitmap #cards 512 size 80 coarsen threshold 460 Card regions per heap region 1 cards per card region 2048
 CPUs: 12 total, 12 available
 Memory: 7900M
 Large Page Support: Disabled
 NUMA Support: Disabled
 Compressed Oops: Enabled (32-bit)
 Heap Region Size: 1M
 Heap Min Capacity: 8M
 Heap Initial Capacity: 124M
 Heap Max Capacity: 1976M
 Pre-touch: Disabled
 Parallel Workers: 10
 Concurrent Workers: 3
 Concurrent Refinement Workers: 10
 Periodic GC: Disabled
Heap:
 garbage-first heap   total 126976K, used 76933K [0x0000000084800000, 0x0000000100000000)
  region size 1024K, 28 young (28672K), 8 survivors (8192K)
 Metaspace       used 83187K, committed 84096K, reserved 1179648K
  class space    used 12023K, committed 12416K, reserved 1048576K
GC Heap History (20 events):
Event: 139968.856 GC heap after
{Heap after GC invocations=175 (full 1):
 garbage-first heap   total 126976K, used 47809K [0x0000000084800000, 0x0000000100000000)
  region size 1024K, 8 young (8192K), 8 survivors (8192K)
 Metaspace       used 80855K, committed 81728K, reserved 1179648K
  class space    used 11838K, committed 12224K, reserved 1048576K
}
Event: 139969.633 GC heap before
{Heap before GC invocations=175 (full 1):
 garbage-first heap   total 126976K, used 60097K [0x0000000084800000, 0x0000000100000000)
  region size 1024K, 21 young (21504K), 8 survivors (8192K)
 Metaspace       used 80942K, committed 81792K, reserved 1179648K
  class space    used 11849K, committed 12224K, reserved 1048576K
}
Event: 139969.650 GC heap after
{Heap after GC invocations=176 (full 1):
 garbage-first heap   total 126976K, used 48429K [0x0000000084800000, 0x0000000100000000)
  region size 1024K, 2 young (2048K), 2 survivors (2048K)
 Metaspace       used 80942K, committed 81792K, reserved 1179648K
  class space    used 11849K, committed 12224K, reserved 1048576K
}
Event: 139970.823 GC heap before
{Heap before GC invocations=177 (full 1):
 garbage-first heap   total 126976K, used 112941K [0x0000000084800000, 0x0000000100000000)
  region size 1024K, 65 young (66560K), 2 survivors (2048K)
 Metaspace       used 81261K, committed 82112K, reserved 1179648K
  class space    used 11867K, committed 12224K, reserved 1048576K
}
Event: 139970.827 GC heap after
{Heap after GC invocations=178 (full 1):
 garbage-first heap   total 126976K, used 50939K [0x0000000084800000, 0x0000000100000000)
  region size 1024K, 4 young (4096K), 4 survivors (4096K)
 Metaspace       used 81261K, committed 82112K, reserved 1179648K
  class space    used 11867K, committed 12224K, reserved 1048576K
}
Event: 139971.570 GC heap before
{Heap before GC invocations=178 (full 1):
 garbage-first heap   total 126976K, used 112379K [0x0000000084800000, 0x0000000100000000)
  region size 1024K, 64 young (65536K), 4 survivors (4096K)
 Metaspace       used 81695K, committed 82560K, reserved 1179648K
  class space    used 11901K, committed 12288K, reserved 1048576K
}
Event: 139971.577 GC heap after
{Heap after GC invocations=179 (full 1):
 garbage-first heap   total 126976K, used 53275K [0x0000000084800000, 0x0000000100000000)
  region size 1024K, 6 young (6144K), 6 survivors (6144K)
 Metaspace       used 81695K, committed 82560K, reserved 1179648K
  class space    used 11901K, committed 12288K, reserved 1048576K
}
Event: 139986.807 GC heap before
{Heap before GC invocations=179 (full 1):
 garbage-first heap   total 126976K, used 87067K [0x0000000084800000, 0x0000000100000000)
  region size 1024K, 40 young (40960K), 6 survivors (6144K)
 Metaspace       used 81802K, committed 82752K, reserved 1179648K
  class space    used 11928K, committed 12352K, reserved 1048576K
}
Event: 139986.922 GC heap after
{Heap after GC invocations=180 (full 2):
 garbage-first heap   total 126976K, used 40147K [0x0000000084800000, 0x0000000100000000)
  region size 1024K, 0 young (0K), 0 survivors (0K)
 Metaspace       used 81612K, committed 82752K, reserved 1179648K
  class space    used 11882K, committed 12352K, reserved 1048576K
}
Event: 139992.401 GC heap before
{Heap before GC invocations=180 (full 2):
 garbage-first heap   total 126976K, used 111827K [0x0000000084800000, 0x0000000100000000)
  region size 1024K, 71 young (72704K), 0 survivors (0K)
 Metaspace       used 81841K, committed 82752K, reserved 1179648K
  class space    used 11903K, committed 12352K, reserved 1048576K
}
Event: 139992.411 GC heap after
{Heap after GC invocations=181 (full 2):
 garbage-first heap   total 126976K, used 46448K [0x0000000084800000, 0x0000000100000000)
  region size 1024K, 7 young (7168K), 7 survivors (7168K)
 Metaspace       used 81841K, committed 82752K, reserved 1179648K
  class space    used 11903K, committed 12352K, reserved 1048576K
}
Event: 139994.853 GC heap before
{Heap before GC invocations=182 (full 2):
 garbage-first heap   total 126976K, used 107888K [0x0000000084800000, 0x0000000100000000)
  region size 1024K, 68 young (69632K), 7 survivors (7168K)
 Metaspace       used 82307K, committed 83200K, reserved 1179648K
  class space    used 11957K, committed 12352K, reserved 1048576K
}
Event: 139994.883 GC heap after
{Heap after GC invocations=183 (full 2):
 garbage-first heap   total 126976K, used 50759K [0x0000000084800000, 0x0000000100000000)
  region size 1024K, 6 young (6144K), 6 survivors (6144K)
 Metaspace       used 82307K, committed 83200K, reserved 1179648K
  class space    used 11957K, committed 12352K, reserved 1048576K
}
Event: 139996.407 GC heap before
{Heap before GC invocations=183 (full 2):
 garbage-first heap   total 126976K, used 109127K [0x0000000084800000, 0x0000000100000000)
  region size 1024K, 63 young (64512K), 6 survivors (6144K)
 Metaspace       used 82711K, committed 83584K, reserved 1179648K
  class space    used 11991K, committed 12352K, reserved 1048576K
}
Event: 139996.414 GC heap after
{Heap after GC invocations=184 (full 2):
 garbage-first heap   total 126976K, used 53348K [0x0000000084800000, 0x0000000100000000)
  region size 1024K, 4 young (4096K), 4 survivors (4096K)
 Metaspace       used 82711K, committed 83584K, reserved 1179648K
  class space    used 11991K, committed 12352K, reserved 1048576K
}
Event: 139997.093 GC heap before
{Heap before GC invocations=184 (full 2):
 garbage-first heap   total 126976K, used 112740K [0x0000000084800000, 0x0000000100000000)
  region size 1024K, 62 young (63488K), 4 survivors (4096K)
 Metaspace       used 82985K, committed 83840K, reserved 1179648K
  class space    used 12009K, committed 12352K, reserved 1048576K
}
Event: 139997.099 GC heap after
{Heap after GC invocations=185 (full 2):
 garbage-first heap   total 126976K, used 54502K [0x0000000084800000, 0x0000000100000000)
  region size 1024K, 5 young (5120K), 5 survivors (5120K)
 Metaspace       used 82985K, committed 83840K, reserved 1179648K
  class space    used 12009K, committed 12352K, reserved 1048576K
}
Event: 139998.679 GC heap before
{Heap before GC invocations=186 (full 2):
 garbage-first heap   total 126976K, used 111846K [0x0000000084800000, 0x0000000100000000)
  region size 1024K, 61 young (62464K), 5 survivors (5120K)
 Metaspace       used 83184K, committed 84096K, reserved 1179648K
  class space    used 12022K, committed 12416K, reserved 1048576K
}
Event: 139998.686 GC heap after
{Heap after GC invocations=187 (full 2):
 garbage-first heap   total 126976K, used 57477K [0x0000000084800000, 0x0000000100000000)
  region size 1024K, 8 young (8192K), 8 survivors (8192K)
 Metaspace       used 83184K, committed 84096K, reserved 1179648K
  class space    used 12022K, committed 12416K, reserved 1048576K
}
Event: 140055.197 GC heap before
{Heap before GC invocations=187 (full 2):
 garbage-first heap   total 126976K, used 76933K [0x0000000084800000, 0x0000000100000000)
  region size 1024K, 28 young (28672K), 8 survivors (8192K)
 Metaspace       used 83187K, committed 84096K, reserved 1179648K
  class space    used 12023K, committed 12416K, reserved 1048576K
}

