# JRE version: Java(TM) SE Runtime Environment (21.0.4+8) (build 21.0.4+8-LTS-274)
# Java VM: Java HotSpot(TM) 64-Bit Server VM (21.0.4+8-LTS-274, mixed mode, sharing, tiered, compressed oops, compressed class ptrs, g1 gc, windows-amd64)
GC Precious Log:
 CardTable entry size: 512
 Card Set container configuration: InlinePtr #cards 5 size 8 Array Of Cards #cards 12 size 40 Howl #buckets 4 coarsen threshold 1843 Howl Bitmap #cards 512 size 80 coarsen threshold 460 Card regions per heap region 1 cards per card region 2048
 CPUs: 12 total, 12 available
 Memory: 7900M
 Large Page Support: Disabled
 NUMA Support: Disabled
 Compressed Oops: Enabled (32-bit)
 Heap Region Size: 1M
 Heap Min Capacity: 8M
 Heap Initial Capacity: 124M
 Heap Max Capacity: 1976M
 Pre-touch: Disabled
 Parallel Workers: 10
 Concurrent Workers: 3
 Concurrent Refinement Workers: 10
 Periodic GC: Disabled
Heap:
 garbage-first heap   total 122880K, used 90157K [0x0000000084800000, 0x0000000100000000)
  region size 1024K, 33 young (33792K), 5 survivors (5120K)
 Metaspace       used 87228K, committed 88192K, reserved 1179648K
  class space    used 11362K, committed 11840K, reserved 1048576K
GC Heap History (20 events):
Event: 482.504 GC heap after
{Heap after GC invocations=47 (full 3):
 garbage-first heap   total 102400K, used 52521K [0x0000000084800000, 0x0000000100000000)
  region size 1024K, 5 young (5120K), 5 survivors (5120K)
 Metaspace       used 84488K, committed 85504K, reserved 1179648K
  class space    used 11219K, committed 11712K, reserved 1048576K
}
Event: 482.761 GC heap before
{Heap before GC invocations=47 (full 3):
 garbage-first heap   total 102400K, used 88361K [0x0000000084800000, 0x0000000100000000)
  region size 1024K, 40 young (40960K), 5 survivors (5120K)
 Metaspace       used 84705K, committed 85696K, reserved 1179648K
  class space    used 11229K, committed 11712K, reserved 1048576K
}
Event: 482.767 GC heap after
{Heap after GC invocations=48 (full 3):
 garbage-first heap   total 122880K, used 54089K [0x0000000084800000, 0x0000000100000000)
  region size 1024K, 4 young (4096K), 4 survivors (4096K)
 Metaspace       used 84705K, committed 85696K, reserved 1179648K
  class space    used 11229K, committed 11712K, reserved 1048576K
}
Event: 519.893 GC heap before
{Heap before GC invocations=49 (full 3):
 garbage-first heap   total 122880K, used 81737K [0x0000000084800000, 0x0000000100000000)
  region size 1024K, 32 young (32768K), 4 survivors (4096K)
 Metaspace       used 84763K, committed 85760K, reserved 1179648K
  class space    used 11230K, committed 11712K, reserved 1048576K
}
Event: 519.996 GC heap after
{Heap after GC invocations=50 (full 4):
 garbage-first heap   total 122880K, used 48022K [0x0000000084800000, 0x0000000100000000)
  region size 1024K, 0 young (0K), 0 survivors (0K)
 Metaspace       used 84756K, committed 85760K, reserved 1179648K
  class space    used 11229K, committed 11712K, reserved 1048576K
}
Event: 521.003 GC heap before
{Heap before GC invocations=50 (full 4):
 garbage-first heap   total 122880K, used 107414K [0x0000000084800000, 0x0000000100000000)
  region size 1024K, 58 young (59392K), 0 survivors (0K)
 Metaspace       used 85139K, committed 86080K, reserved 1179648K
  class space    used 11257K, committed 11712K, reserved 1048576K
}
Event: 521.010 GC heap after
{Heap after GC invocations=51 (full 4):
 garbage-first heap   total 122880K, used 53554K [0x0000000084800000, 0x0000000100000000)
  region size 1024K, 6 young (6144K), 6 survivors (6144K)
 Metaspace       used 85139K, committed 86080K, reserved 1179648K
  class space    used 11257K, committed 11712K, reserved 1048576K
}
Event: 521.608 GC heap before
{Heap before GC invocations=52 (full 4):
 garbage-first heap   total 122880K, used 106802K [0x0000000084800000, 0x0000000100000000)
  region size 1024K, 58 young (59392K), 6 survivors (6144K)
 Metaspace       used 85635K, committed 86592K, reserved 1179648K
  class space    used 11282K, committed 11776K, reserved 1048576K
}
Event: 521.613 GC heap after
{Heap after GC invocations=53 (full 4):
 garbage-first heap   total 122880K, used 56280K [0x0000000084800000, 0x0000000100000000)
  region size 1024K, 4 young (4096K), 4 survivors (4096K)
 Metaspace       used 85635K, committed 86592K, reserved 1179648K
  class space    used 11282K, committed 11776K, reserved 1048576K
}
Event: 521.876 GC heap before
{Heap before GC invocations=53 (full 4):
 garbage-first heap   total 122880K, used 108504K [0x0000000084800000, 0x0000000100000000)
  region size 1024K, 55 young (56320K), 4 survivors (4096K)
 Metaspace       used 85964K, committed 86976K, reserved 1179648K
  class space    used 11296K, committed 11776K, reserved 1048576K
}
Event: 521.881 GC heap after
{Heap after GC invocations=54 (full 4):
 garbage-first heap   total 122880K, used 58559K [0x0000000084800000, 0x0000000100000000)
  region size 1024K, 6 young (6144K), 6 survivors (6144K)
 Metaspace       used 85964K, committed 86976K, reserved 1179648K
  class space    used 11296K, committed 11776K, reserved 1048576K
}
Event: 535.693 GC heap before
{Heap before GC invocations=54 (full 4):
 garbage-first heap   total 122880K, used 74943K [0x0000000084800000, 0x0000000100000000)
  region size 1024K, 23 young (23552K), 6 survivors (6144K)
 Metaspace       used 86015K, committed 87040K, reserved 1179648K
  class space    used 11296K, committed 11776K, reserved 1048576K
}
Event: 535.815 GC heap after
{Heap after GC invocations=55 (full 5):
 garbage-first heap   total 122880K, used 52763K [0x0000000084800000, 0x0000000100000000)
  region size 1024K, 0 young (0K), 0 survivors (0K)
 Metaspace       used 86008K, committed 87040K, reserved 1179648K
  class space    used 11295K, committed 11776K, reserved 1048576K
}
Event: 536.747 GC heap before
{Heap before GC invocations=55 (full 5):
 garbage-first heap   total 122880K, used 108059K [0x0000000084800000, 0x0000000100000000)
  region size 1024K, 54 young (55296K), 0 survivors (0K)
 Metaspace       used 86364K, committed 87360K, reserved 1179648K
  class space    used 11322K, committed 11776K, reserved 1048576K
}
Event: 536.753 GC heap after
{Heap after GC invocations=56 (full 5):
 garbage-first heap   total 122880K, used 57725K [0x0000000084800000, 0x0000000100000000)
  region size 1024K, 5 young (5120K), 5 survivors (5120K)
 Metaspace       used 86364K, committed 87360K, reserved 1179648K
  class space    used 11322K, committed 11776K, reserved 1048576K
}
Event: 537.363 GC heap before
{Heap before GC invocations=57 (full 5):
 garbage-first heap   total 122880K, used 108925K [0x0000000084800000, 0x0000000100000000)
  region size 1024K, 55 young (56320K), 5 survivors (5120K)
 Metaspace       used 86800K, committed 87808K, reserved 1179648K
  class space    used 11346K, committed 11840K, reserved 1048576K
}
Event: 537.370 GC heap after
{Heap after GC invocations=58 (full 5):
 garbage-first heap   total 122880K, used 60920K [0x0000000084800000, 0x0000000100000000)
  region size 1024K, 4 young (4096K), 4 survivors (4096K)
 Metaspace       used 86800K, committed 87808K, reserved 1179648K
  class space    used 11346K, committed 11840K, reserved 1048576K
}
Event: 537.674 GC heap before
{Heap before GC invocations=58 (full 5):
 garbage-first heap   total 122880K, used 109048K [0x0000000084800000, 0x0000000100000000)
  region size 1024K, 51 young (52224K), 4 survivors (4096K)
 Metaspace       used 87133K, committed 88128K, reserved 1179648K
  class space    used 11360K, committed 11840K, reserved 1048576K
}
Event: 537.679 GC heap after
{Heap after GC invocations=59 (full 5):
 garbage-first heap   total 122880K, used 62509K [0x0000000084800000, 0x0000000100000000)
  region size 1024K, 5 young (5120K), 5 survivors (5120K)
 Metaspace       used 87133K, committed 88128K, reserved 1179648K
  class space    used 11360K, committed 11840K, reserved 1048576K
}
Event: 575.237 GC heap before
{Heap before GC invocations=59 (full 5):
 garbage-first heap   total 122880K, used 90157K [0x0000000084800000, 0x0000000100000000)
  region size 1024K, 33 young (33792K), 5 survivors (5120K)
 Metaspace       used 87228K, committed 88192K, reserved 1179648K
  class space    used 11362K, committed 11840K, reserved 1048576K
}

