# JRE version: Java(TM) SE Runtime Environment (21.0.4+8) (build 21.0.4+8-LTS-274)
# Java VM: Java HotSpot(TM) 64-Bit Server VM (21.0.4+8-LTS-274, mixed mode, sharing, tiered, compressed oops, compressed class ptrs, g1 gc, windows-amd64)
GC Precious Log:
 CardTable entry size: 512
 Card Set container configuration: InlinePtr #cards 5 size 8 Array Of Cards #cards 12 size 40 Howl #buckets 4 coarsen threshold 1843 Howl Bitmap #cards 512 size 80 coarsen threshold 460 Card regions per heap region 1 cards per card region 2048
 CPUs: 12 total, 12 available
 Memory: 7900M
 Large Page Support: Disabled
 NUMA Support: Disabled
 Compressed Oops: Enabled (32-bit)
 Heap Region Size: 1M
 Heap Min Capacity: 8M
 Heap Initial Capacity: 124M
 Heap Max Capacity: 1976M
 Pre-touch: Disabled
 Parallel Workers: 10
 Concurrent Workers: 3
 Concurrent Refinement Workers: 10
 Periodic GC: Disabled
Heap:
 garbage-first heap   total 84992K, used 57351K [0x0000000084800000, 0x0000000100000000)
  region size 1024K, 18 young (18432K), 2 survivors (2048K)
 Metaspace       used 81157K, committed 82112K, reserved 1179648K
  class space    used 11204K, committed 11648K, reserved 1048576K
GC Heap History (20 events):
Event: 14.436 GC heap after
{Heap after GC invocations=21 (full 0):
 garbage-first heap   total 66560K, used 31429K [0x0000000084800000, 0x0000000100000000)
  region size 1024K, 3 young (3072K), 3 survivors (3072K)
 Metaspace       used 63478K, committed 64192K, reserved 1114112K
  class space    used 8557K, committed 8896K, reserved 1048576K
}
Event: 15.080 GC heap before
{Heap before GC invocations=22 (full 0):
 garbage-first heap   total 66560K, used 58053K [0x0000000084800000, 0x0000000100000000)
  region size 1024K, 29 young (29696K), 3 survivors (3072K)
 Metaspace       used 65443K, committed 66176K, reserved 1114112K
  class space    used 8861K, committed 9216K, reserved 1048576K
}
Event: 15.085 GC heap after
{Heap after GC invocations=23 (full 0):
 garbage-first heap   total 66560K, used 33084K [0x0000000084800000, 0x0000000100000000)
  region size 1024K, 4 young (4096K), 4 survivors (4096K)
 Metaspace       used 65443K, committed 66176K, reserved 1114112K
  class space    used 8861K, committed 9216K, reserved 1048576K
}
Event: 15.439 GC heap before
{Heap before GC invocations=23 (full 0):
 garbage-first heap   total 66560K, used 57660K [0x0000000084800000, 0x0000000100000000)
  region size 1024K, 28 young (28672K), 4 survivors (4096K)
 Metaspace       used 67020K, committed 67840K, reserved 1114112K
  class space    used 9152K, committed 9536K, reserved 1048576K
}
Event: 15.445 GC heap after
{Heap after GC invocations=24 (full 0):
 garbage-first heap   total 66560K, used 33863K [0x0000000084800000, 0x0000000100000000)
  region size 1024K, 3 young (3072K), 3 survivors (3072K)
 Metaspace       used 67020K, committed 67840K, reserved 1114112K
  class space    used 9152K, committed 9536K, reserved 1048576K
}
Event: 15.903 GC heap before
{Heap before GC invocations=24 (full 0):
 garbage-first heap   total 66560K, used 57415K [0x0000000084800000, 0x0000000100000000)
  region size 1024K, 27 young (27648K), 3 survivors (3072K)
 Metaspace       used 69020K, committed 69760K, reserved 1114112K
  class space    used 9533K, committed 9856K, reserved 1048576K
}
Event: 15.910 GC heap after
{Heap after GC invocations=25 (full 0):
 garbage-first heap   total 66560K, used 35927K [0x0000000084800000, 0x0000000100000000)
  region size 1024K, 4 young (4096K), 4 survivors (4096K)
 Metaspace       used 69020K, committed 69760K, reserved 1114112K
  class space    used 9533K, committed 9856K, reserved 1048576K
}
Event: 16.335 GC heap before
{Heap before GC invocations=26 (full 0):
 garbage-first heap   total 70656K, used 57431K [0x0000000084800000, 0x0000000100000000)
  region size 1024K, 25 young (25600K), 4 survivors (4096K)
 Metaspace       used 70470K, committed 71168K, reserved 1114112K
  class space    used 9705K, committed 10048K, reserved 1048576K
}
Event: 16.338 GC heap after
{Heap after GC invocations=27 (full 0):
 garbage-first heap   total 70656K, used 36834K [0x0000000084800000, 0x0000000100000000)
  region size 1024K, 3 young (3072K), 3 survivors (3072K)
 Metaspace       used 70470K, committed 71168K, reserved 1114112K
  class space    used 9705K, committed 10048K, reserved 1048576K
}
Event: 16.411 GC heap before
{Heap before GC invocations=27 (full 0):
 garbage-first heap   total 70656K, used 62434K [0x0000000084800000, 0x0000000100000000)
  region size 1024K, 28 young (28672K), 3 survivors (3072K)
 Metaspace       used 70528K, committed 71296K, reserved 1114112K
  class space    used 9706K, committed 10048K, reserved 1048576K
}
Event: 16.415 GC heap after
{Heap after GC invocations=28 (full 0):
 garbage-first heap   total 70656K, used 36838K [0x0000000084800000, 0x0000000100000000)
  region size 1024K, 2 young (2048K), 2 survivors (2048K)
 Metaspace       used 70528K, committed 71296K, reserved 1114112K
  class space    used 9706K, committed 10048K, reserved 1048576K
}
Event: 16.821 GC heap before
{Heap before GC invocations=28 (full 0):
 garbage-first heap   total 70656K, used 63462K [0x0000000084800000, 0x0000000100000000)
  region size 1024K, 28 young (28672K), 2 survivors (2048K)
 Metaspace       used 71424K, committed 72192K, reserved 1114112K
  class space    used 9827K, committed 10176K, reserved 1048576K
}
Event: 16.825 GC heap after
{Heap after GC invocations=29 (full 0):
 garbage-first heap   total 84992K, used 37388K [0x0000000084800000, 0x0000000100000000)
  region size 1024K, 2 young (2048K), 2 survivors (2048K)
 Metaspace       used 71424K, committed 72192K, reserved 1114112K
  class space    used 9827K, committed 10176K, reserved 1048576K
}
Event: 18.094 GC heap before
{Heap before GC invocations=30 (full 0):
 garbage-first heap   total 84992K, used 76300K [0x0000000084800000, 0x0000000100000000)
  region size 1024K, 40 young (40960K), 2 survivors (2048K)
 Metaspace       used 75605K, committed 76416K, reserved 1179648K
  class space    used 10461K, committed 10816K, reserved 1048576K
}
Event: 18.101 GC heap after
{Heap after GC invocations=31 (full 0):
 garbage-first heap   total 84992K, used 41538K [0x0000000084800000, 0x0000000100000000)
  region size 1024K, 5 young (5120K), 5 survivors (5120K)
 Metaspace       used 75605K, committed 76416K, reserved 1179648K
  class space    used 10461K, committed 10816K, reserved 1048576K
}
Event: 19.717 GC heap before
{Heap before GC invocations=31 (full 0):
 garbage-first heap   total 84992K, used 74306K [0x0000000084800000, 0x0000000100000000)
  region size 1024K, 37 young (37888K), 5 survivors (5120K)
 Metaspace       used 78587K, committed 79488K, reserved 1179648K
  class space    used 10884K, committed 11264K, reserved 1048576K
}
Event: 19.725 GC heap after
{Heap after GC invocations=32 (full 0):
 garbage-first heap   total 84992K, used 43540K [0x0000000084800000, 0x0000000100000000)
  region size 1024K, 3 young (3072K), 3 survivors (3072K)
 Metaspace       used 78587K, committed 79488K, reserved 1179648K
  class space    used 10884K, committed 11264K, reserved 1048576K
}
Event: 24.469 GC heap before
{Heap before GC invocations=32 (full 0):
 garbage-first heap   total 84992K, used 74260K [0x0000000084800000, 0x0000000100000000)
  region size 1024K, 34 young (34816K), 3 survivors (3072K)
 Metaspace       used 80399K, committed 81344K, reserved 1179648K
  class space    used 11106K, committed 11584K, reserved 1048576K
}
Event: 24.474 GC heap after
{Heap after GC invocations=33 (full 0):
 garbage-first heap   total 84992K, used 43015K [0x0000000084800000, 0x0000000100000000)
  region size 1024K, 2 young (2048K), 2 survivors (2048K)
 Metaspace       used 80399K, committed 81344K, reserved 1179648K
  class space    used 11106K, committed 11584K, reserved 1048576K
}
Event: 141.077 GC heap before
{Heap before GC invocations=34 (full 0):
 garbage-first heap   total 84992K, used 57351K [0x0000000084800000, 0x0000000100000000)
  region size 1024K, 18 young (18432K), 2 survivors (2048K)
 Metaspace       used 81157K, committed 82112K, reserved 1179648K
  class space    used 11204K, committed 11648K, reserved 1048576K
}

