# JRE version: Java(TM) SE Runtime Environment (21.0.4+8) (build 21.0.4+8-LTS-274)
# Java VM: Java HotSpot(TM) 64-Bit Server VM (21.0.4+8-LTS-274, mixed mode, sharing, tiered, compressed oops, compressed class ptrs, g1 gc, windows-amd64)
GC Precious Log:
 CardTable entry size: 512
 Card Set container configuration: InlinePtr #cards 5 size 8 Array Of Cards #cards 12 size 40 Howl #buckets 4 coarsen threshold 1843 Howl Bitmap #cards 512 size 80 coarsen threshold 460 Card regions per heap region 1 cards per card region 2048
 CPUs: 12 total, 12 available
 Memory: 7900M
 Large Page Support: Disabled
 NUMA Support: Disabled
 Compressed Oops: Enabled (32-bit)
 Heap Region Size: 1M
 Heap Min Capacity: 8M
 Heap Initial Capacity: 124M
 Heap Max Capacity: 1976M
 Pre-touch: Disabled
 Parallel Workers: 10
 Concurrent Workers: 3
 Concurrent Refinement Workers: 10
 Periodic GC: Disabled
Heap:
 garbage-first heap   total 84992K, used 75238K [0x0000000084800000, 0x0000000100000000)
  region size 1024K, 35 young (35840K), 2 survivors (2048K)
 Metaspace       used 83141K, committed 84160K, reserved 1179648K
  class space    used 11434K, committed 11904K, reserved 1048576K
GC Heap History (20 events):
Event: 29.555 GC heap before
{Heap before GC invocations=25 (full 0):
 garbage-first heap   total 61440K, used 53123K [0x0000000084800000, 0x0000000100000000)
  region size 1024K, 24 young (24576K), 4 survivors (4096K)
 Metaspace       used 65492K, committed 66304K, reserved 1114112K
  class space    used 8840K, committed 9216K, reserved 1048576K
}
Event: 29.560 GC heap after
{Heap after GC invocations=26 (full 0):
 garbage-first heap   total 61440K, used 33706K [0x0000000084800000, 0x0000000100000000)
  region size 1024K, 3 young (3072K), 3 survivors (3072K)
 Metaspace       used 65492K, committed 66304K, reserved 1114112K
  class space    used 8840K, committed 9216K, reserved 1048576K
}
Event: 29.816 GC heap before
{Heap before GC invocations=27 (full 0):
 garbage-first heap   total 70656K, used 53162K [0x0000000084800000, 0x0000000100000000)
  region size 1024K, 22 young (22528K), 3 survivors (3072K)
 Metaspace       used 65713K, committed 66432K, reserved 1114112K
  class space    used 8868K, committed 9216K, reserved 1048576K
}
Event: 29.819 GC heap after
{Heap after GC invocations=28 (full 0):
 garbage-first heap   total 70656K, used 33990K [0x0000000084800000, 0x0000000100000000)
  region size 1024K, 2 young (2048K), 2 survivors (2048K)
 Metaspace       used 65713K, committed 66432K, reserved 1114112K
  class space    used 8868K, committed 9216K, reserved 1048576K
}
Event: 30.941 GC heap before
{Heap before GC invocations=28 (full 0):
 garbage-first heap   total 70656K, used 62662K [0x0000000084800000, 0x0000000100000000)
  region size 1024K, 31 young (31744K), 2 survivors (2048K)
 Metaspace       used 68985K, committed 69696K, reserved 1114112K
  class space    used 9513K, committed 9856K, reserved 1048576K
}
Event: 30.948 GC heap after
{Heap after GC invocations=29 (full 0):
 garbage-first heap   total 70656K, used 35690K [0x0000000084800000, 0x0000000100000000)
  region size 1024K, 4 young (4096K), 4 survivors (4096K)
 Metaspace       used 68985K, committed 69696K, reserved 1114112K
  class space    used 9513K, committed 9856K, reserved 1048576K
}
Event: 31.469 GC heap before
{Heap before GC invocations=29 (full 0):
 garbage-first heap   total 70656K, used 60266K [0x0000000084800000, 0x0000000100000000)
  region size 1024K, 29 young (29696K), 4 survivors (4096K)
 Metaspace       used 70441K, committed 71232K, reserved 1114112K
  class space    used 9683K, committed 10048K, reserved 1048576K
}
Event: 31.475 GC heap after
{Heap after GC invocations=30 (full 0):
 garbage-first heap   total 70656K, used 36712K [0x0000000084800000, 0x0000000100000000)
  region size 1024K, 1 young (1024K), 1 survivors (1024K)
 Metaspace       used 70441K, committed 71232K, reserved 1114112K
  class space    used 9683K, committed 10048K, reserved 1048576K
}
Event: 32.048 GC heap before
{Heap before GC invocations=31 (full 0):
 garbage-first heap   total 70656K, used 64360K [0x0000000084800000, 0x0000000100000000)
  region size 1024K, 29 young (29696K), 1 survivors (1024K)
 Metaspace       used 71491K, committed 72320K, reserved 1114112K
  class space    used 9828K, committed 10240K, reserved 1048576K
}
Event: 32.052 GC heap after
{Heap after GC invocations=32 (full 0):
 garbage-first heap   total 84992K, used 37736K [0x0000000084800000, 0x0000000100000000)
  region size 1024K, 2 young (2048K), 2 survivors (2048K)
 Metaspace       used 71491K, committed 72320K, reserved 1114112K
  class space    used 9828K, committed 10240K, reserved 1048576K
}
Event: 34.264 GC heap before
{Heap before GC invocations=32 (full 0):
 garbage-first heap   total 84992K, used 77672K [0x0000000084800000, 0x0000000100000000)
  region size 1024K, 41 young (41984K), 2 survivors (2048K)
 Metaspace       used 74772K, committed 75648K, reserved 1114112K
  class space    used 10314K, committed 10688K, reserved 1048576K
}
Event: 34.273 GC heap after
{Heap after GC invocations=33 (full 0):
 garbage-first heap   total 84992K, used 40703K [0x0000000084800000, 0x0000000100000000)
  region size 1024K, 6 young (6144K), 6 survivors (6144K)
 Metaspace       used 74772K, committed 75648K, reserved 1114112K
  class space    used 10314K, committed 10688K, reserved 1048576K
}
Event: 36.194 GC heap before
{Heap before GC invocations=33 (full 0):
 garbage-first heap   total 84992K, used 72447K [0x0000000084800000, 0x0000000100000000)
  region size 1024K, 37 young (37888K), 6 survivors (6144K)
 Metaspace       used 78555K, committed 79424K, reserved 1179648K
  class space    used 10865K, committed 11264K, reserved 1048576K
}
Event: 36.203 GC heap after
{Heap after GC invocations=34 (full 0):
 garbage-first heap   total 84992K, used 42546K [0x0000000084800000, 0x0000000100000000)
  region size 1024K, 3 young (3072K), 3 survivors (3072K)
 Metaspace       used 78555K, committed 79424K, reserved 1179648K
  class space    used 10865K, committed 11264K, reserved 1048576K
}
Event: 151.210 GC heap before
{Heap before GC invocations=35 (full 0):
 garbage-first heap   total 84992K, used 74290K [0x0000000084800000, 0x0000000100000000)
  region size 1024K, 35 young (35840K), 3 survivors (3072K)
 Metaspace       used 82723K, committed 83712K, reserved 1179648K
  class space    used 11408K, committed 11840K, reserved 1048576K
}
Event: 151.353 GC heap after
{Heap after GC invocations=36 (full 0):
 garbage-first heap   total 84992K, used 43601K [0x0000000084800000, 0x0000000100000000)
  region size 1024K, 4 young (4096K), 4 survivors (4096K)
 Metaspace       used 82723K, committed 83712K, reserved 1179648K
  class space    used 11408K, committed 11840K, reserved 1048576K
}
Event: 650.097 GC heap before
{Heap before GC invocations=36 (full 0):
 garbage-first heap   total 84992K, used 74321K [0x0000000084800000, 0x0000000100000000)
  region size 1024K, 34 young (34816K), 4 survivors (4096K)
 Metaspace       used 82882K, committed 83840K, reserved 1179648K
  class space    used 11409K, committed 11840K, reserved 1048576K
}
Event: 650.221 GC heap after
{Heap after GC invocations=37 (full 0):
 garbage-first heap   total 84992K, used 42630K [0x0000000084800000, 0x0000000100000000)
  region size 1024K, 2 young (2048K), 2 survivors (2048K)
 Metaspace       used 82882K, committed 83840K, reserved 1179648K
  class space    used 11409K, committed 11840K, reserved 1048576K
}
Event: 1215.915 GC heap before
{Heap before GC invocations=37 (full 0):
 garbage-first heap   total 84992K, used 77446K [0x0000000084800000, 0x0000000100000000)
  region size 1024K, 36 young (36864K), 2 survivors (2048K)
 Metaspace       used 82919K, committed 83840K, reserved 1179648K
  class space    used 11409K, committed 11840K, reserved 1048576K
}
Event: 1215.980 GC heap after
{Heap after GC invocations=38 (full 0):
 garbage-first heap   total 84992K, used 42470K [0x0000000084800000, 0x0000000100000000)
  region size 1024K, 2 young (2048K), 2 survivors (2048K)
 Metaspace       used 82919K, committed 83840K, reserved 1179648K
  class space    used 11409K, committed 11840K, reserved 1048576K
}

